"../../../../../../Users/mo_gu/Documents/GitHub/SourceTree/TKHS/FreeziaYukes/Freezia/Content/Content/Model/New_Player/Idle_Skeleton.uasset" 0
"../../../../../../Users/mo_gu/Documents/GitHub/SourceTree/TKHS/FreeziaYukes/Freezia/Content/Content/Model/New_Player/Death.uasset" 1
"../../../../../../Users/mo_gu/Documents/GitHub/SourceTree/TKHS/FreeziaYukes/Freezia/Content/Content/Model/New_Player/Idle_Anim.uasset" 2
"../../../../../../Users/mo_gu/Documents/GitHub/SourceTree/TKHS/FreeziaYukes/Freezia/Content/Content/Model/New_Player/Jumping.uasset" 3
"../../../../../../Users/mo_gu/Documents/GitHub/SourceTree/TKHS/FreeziaYukes/Freezia/Content/Content/Model/New_Player/Pull.uasset" 4
"../../../../../../Users/mo_gu/Documents/GitHub/SourceTree/TKHS/FreeziaYukes/Freezia/Content/Content/Model/New_Player/Push_Start1.uasset" 5
"../../../../../../Users/mo_gu/Documents/GitHub/SourceTree/TKHS/FreeziaYukes/Freezia/Content/Content/Model/New_Player/Pushing.uasset" 6
"../../../../../../Users/mo_gu/Documents/GitHub/SourceTree/TKHS/FreeziaYukes/Freezia/Content/Content/Model/New_Player/skate.uasset" 7
"../../../../../../Users/mo_gu/Documents/GitHub/SourceTree/TKHS/FreeziaYukes/Freezia/Content/Content/Model/New_Player/Walking.uasset" 8
"../../../../../../Users/mo_gu/Documents/GitHub/SourceTree/TKHS/FreeziaYukes/Freezia/Content/Content/Model/New_Player/Walking3.uasset" 9
"../../../../../../Users/mo_gu/Documents/GitHub/SourceTree/TKHS/FreeziaYukes/Freezia/Content/Content/Sound/SE/SE/FootSteps1.uasset" 10
"../../../../../../Users/mo_gu/Documents/GitHub/SourceTree/TKHS/FreeziaYukes/Freezia/Content/Content/Sound/SE/SE/FootSteps1_Cue.uasset" 11
"../../../../../../Users/mo_gu/Documents/GitHub/SourceTree/TKHS/FreeziaYukes/Freezia/Content/Content/Blueprint/Player/NewPlayer_AnimBP.uasset" 12
"../../../Engine/Content/EditorBlueprintResources/StandardMacros.uasset" 13
"../../../../../../Users/mo_gu/Documents/GitHub/SourceTree/TKHS/FreeziaYukes/Freezia/Content/Content/Blueprint/Texture/T_IceShards_E.uasset" 14
"../../../../../../Users/mo_gu/Documents/GitHub/SourceTree/TKHS/FreeziaYukes/Freezia/Content/Content/Blueprint/Material/T_IceShards_E_Mat.uasset" 15
"../../../../../../Users/mo_gu/Documents/GitHub/SourceTree/TKHS/FreeziaYukes/Freezia/Content/mogu_sample/new/texture/T_CaveMap_Interior_Cube_D.uasset" 16
"../../../../../../Users/mo_gu/Documents/GitHub/SourceTree/TKHS/FreeziaYukes/Freezia/Content/mogu_sample/new/texture/T_HeatTile3_N.uasset" 17
"../../../../../../Users/mo_gu/Documents/GitHub/SourceTree/TKHS/FreeziaYukes/Freezia/Content/mogu_sample/new/texture/T_SplashDisc_M.uasset" 18
"../../../../../../Users/mo_gu/Documents/GitHub/SourceTree/TKHS/FreeziaYukes/Freezia/Content/mogu_sample/new/texture/T_SplashDisc_N.uasset" 19
"../../../../../../Users/mo_gu/Documents/GitHub/SourceTree/TKHS/FreeziaYukes/Freezia/Content/mogu_sample/new/texture/T_TilingNoise11_M.uasset" 20
"../../../../../../Users/mo_gu/Documents/GitHub/SourceTree/TKHS/FreeziaYukes/Freezia/Content/mogu_sample/new/material/M_MeshEmitWater_MASTER.uasset" 21
"../../../../../../Users/mo_gu/Documents/GitHub/SourceTree/TKHS/FreeziaYukes/Freezia/Content/mogu_sample/new/texture/T_SplashBase_N.uasset" 22
"../../../../../../Users/mo_gu/Documents/GitHub/SourceTree/TKHS/FreeziaYukes/Freezia/Content/mogu_sample/new/material/MI_SplashBase.uasset" 23
"../../../../../../Users/mo_gu/Documents/GitHub/SourceTree/TKHS/FreeziaYukes/Freezia/Content/Content/Blueprint/Texture/T_Piping.uasset" 24
"../../../../../../Users/mo_gu/Documents/GitHub/SourceTree/TKHS/FreeziaYukes/Freezia/Content/Content/Blueprint/Material/T_Piping.uasset" 25
"../../../../../../Users/mo_gu/Documents/GitHub/SourceTree/TKHS/FreeziaYukes/Freezia/Content/Content/Blueprint/mesh/101.uasset" 26
"../../../../../../Users/mo_gu/Documents/GitHub/SourceTree/TKHS/FreeziaYukes/Freezia/Content/Content/Blueprint/mesh/funsui_Cylinder_001.uasset" 27
"../../../../../../Users/mo_gu/Documents/GitHub/SourceTree/TKHS/FreeziaYukes/Freezia/Content/Content/Blueprint/Fountain_BP.uasset" 28
"../../../../../../Users/mo_gu/Documents/GitHub/SourceTree/TKHS/FreeziaYukes/Freezia/Content/Content/Blueprint/FreezeTrigger_BP.uasset" 29
"../../../Engine/Content/Functions/Engine_MaterialFunctions01/Opacity/CameraDepthFade.uasset" 30
"../../../Engine/Content/EngineMaterials/T_Default_Material_Grid_M.uasset" 31
"../../../Engine/Content/EngineMaterials/T_Default_Material_Grid_N.uasset" 32
"../../../Engine/Content/EngineMaterials/WorldGridMaterial.uasset" 33
"../../../Engine/Content/BasicShapes/Cube.uasset" 34
"../../../../../../Users/mo_gu/Documents/GitHub/SourceTree/TKHS/FreeziaYukes/Freezia/Content/Content/Blueprint/MovableBlock_BP.uasset" 35
"../../../../../../Users/mo_gu/Documents/GitHub/SourceTree/TKHS/FreeziaYukes/Freezia/Content/StarterContent/Textures/T_Perlin_Noise_M.uasset" 36
"../../../../../../Users/mo_gu/Documents/GitHub/SourceTree/TKHS/FreeziaYukes/Freezia/Content/StarterContent/Textures/T_Water_N.uasset" 37
"../../../../../../Users/mo_gu/Documents/GitHub/SourceTree/TKHS/FreeziaYukes/Freezia/Content/StarterContent/Materials/M_Water_Lake.uasset" 38
"../../../../../../Users/mo_gu/Documents/GitHub/SourceTree/TKHS/FreeziaYukes/Freezia/Content/Content/Blueprint/WaterBlock_BP.uasset" 39
"../../../../../../Users/mo_gu/Documents/GitHub/SourceTree/TKHS/FreeziaYukes/Freezia/Content/mogu_sample/new/mesh/SM_SplashBase_01.uasset" 40
"../../../../../../Users/mo_gu/Documents/GitHub/SourceTree/TKHS/FreeziaYukes/Freezia/Content/Content/Blueprint/WaterSurface_BP.uasset" 41
"../../../../../../Users/mo_gu/Documents/GitHub/SourceTree/TKHS/FreeziaYukes/Freezia/Content/Content/GameInstance/ClearItem.uasset" 42
"../../../../../../Users/mo_gu/Documents/GitHub/SourceTree/TKHS/FreeziaYukes/Freezia/Content/Content/Sound/SE/SE_Choice.uasset" 43
"../../../../../../Users/mo_gu/Documents/GitHub/SourceTree/TKHS/FreeziaYukes/Freezia/Content/Content/Texture/Pause/Back.uasset" 44
"../../../../../../Users/mo_gu/Documents/GitHub/SourceTree/TKHS/FreeziaYukes/Freezia/Content/Content/Texture/Pause/Pause_01.uasset" 45
"../../../../../../Users/mo_gu/Documents/GitHub/SourceTree/TKHS/FreeziaYukes/Freezia/Content/Content/Texture/Pause/Pause_02.uasset" 46
"../../../../../../Users/mo_gu/Documents/GitHub/SourceTree/TKHS/FreeziaYukes/Freezia/Content/Content/Texture/Pause/Pause_03.uasset" 47
"../../../../../../Users/mo_gu/Documents/GitHub/SourceTree/TKHS/FreeziaYukes/Freezia/Content/Content/Texture/Pause/Pause_04.uasset" 48
"../../../../../../Users/mo_gu/Documents/GitHub/SourceTree/TKHS/FreeziaYukes/Freezia/Content/Content/Texture/Pause/Restart.uasset" 49
"../../../../../../Users/mo_gu/Documents/GitHub/SourceTree/TKHS/FreeziaYukes/Freezia/Content/Content/Texture/Pause/serect.uasset" 50
"../../../../../../Users/mo_gu/Documents/GitHub/SourceTree/TKHS/FreeziaYukes/Freezia/Content/Content/Texture/Result/star.uasset" 51
"../../../../../../Users/mo_gu/Documents/GitHub/SourceTree/TKHS/FreeziaYukes/Freezia/Content/Content/UI/Pause.uasset" 52
"../../../../../../Users/mo_gu/Documents/GitHub/SourceTree/TKHS/FreeziaYukes/Freezia/Content/Content/GameInstance/MyGameInstance.uasset" 53
"../../../../../../Users/mo_gu/Documents/GitHub/SourceTree/TKHS/FreeziaYukes/Freezia/Content/Content/Model/New_Player/Texture/T_body.uasset" 54
"../../../../../../Users/mo_gu/Documents/GitHub/SourceTree/TKHS/FreeziaYukes/Freezia/Content/Content/Model/New_Player/Material/M_Player_body.uasset" 55
"../../../../../../Users/mo_gu/Documents/GitHub/SourceTree/TKHS/FreeziaYukes/Freezia/Content/Content/Model/New_Player/Texture/T_dress.uasset" 56
"../../../../../../Users/mo_gu/Documents/GitHub/SourceTree/TKHS/FreeziaYukes/Freezia/Content/Content/Model/New_Player/Material/M_Player_dress.uasset" 57
"../../../../../../Users/mo_gu/Documents/GitHub/SourceTree/TKHS/FreeziaYukes/Freezia/Content/Content/Model/New_Player/Texture/T_eyes.uasset" 58
"../../../../../../Users/mo_gu/Documents/GitHub/SourceTree/TKHS/FreeziaYukes/Freezia/Content/Content/Model/New_Player/Material/M_Player_eyes.uasset" 59
"../../../../../../Users/mo_gu/Documents/GitHub/SourceTree/TKHS/FreeziaYukes/Freezia/Content/Content/Model/New_Player/Texture/T_hair.uasset" 60
"../../../../../../Users/mo_gu/Documents/GitHub/SourceTree/TKHS/FreeziaYukes/Freezia/Content/Content/Model/New_Player/Material/M_Player_hair.uasset" 61
"../../../../../../Users/mo_gu/Documents/GitHub/SourceTree/TKHS/FreeziaYukes/Freezia/Content/Content/Model/New_Player/Texture/T_shoes.uasset" 62
"../../../../../../Users/mo_gu/Documents/GitHub/SourceTree/TKHS/FreeziaYukes/Freezia/Content/Content/Model/New_Player/Material/M_Player_shoes.uasset" 63
"../../../../../../Users/mo_gu/Documents/GitHub/SourceTree/TKHS/FreeziaYukes/Freezia/Content/Content/Model/New_Player/Idle_PhysicsAsset.uasset" 64
"../../../../../../Users/mo_gu/Documents/GitHub/SourceTree/TKHS/FreeziaYukes/Freezia/Content/Content/Model/New_Player/Idle.uasset" 65
"../../../../../../Users/mo_gu/Documents/GitHub/SourceTree/TKHS/FreeziaYukes/Freezia/Content/Content/Blueprint/Material/M_Black.uasset" 66
"../../../../../../Users/mo_gu/Documents/GitHub/SourceTree/TKHS/FreeziaYukes/Freezia/Content/Content/Blueprint/Texture/T_ice.uasset" 67
"../../../../../../Users/mo_gu/Documents/GitHub/SourceTree/TKHS/FreeziaYukes/Freezia/Content/Content/Blueprint/Material/M_Ice.uasset" 68
"../../../../../../Users/mo_gu/Documents/GitHub/SourceTree/TKHS/FreeziaYukes/Freezia/Content/Content/Model/New_Player/JetPack/Material_001.uasset" 69
"../../../Engine/Content/Functions/Engine_MaterialFunctions01/Gradient/LinearGradient.uasset" 70
"../../../Engine/Content/Functions/Engine_MaterialFunctions01/ImageAdjustment/CheapContrast.uasset" 71
"../../../Engine/Content/Functions/Engine_MaterialFunctions01/Texturing/FlattenNormal.uasset" 72
"../../../Engine/Content/Functions/Engine_MaterialFunctions02/SafeNormalize.uasset" 73
"../../../Engine/Content/Functions/Engine_MaterialFunctions02/Math/CreateThirdOrthogonalVector.uasset" 74
"../../../Engine/Content/Functions/Engine_MaterialFunctions02/Utility/BreakOutFloat3Components.uasset" 75
"../../../Engine/Content/Functions/Engine_MaterialFunctions02/Math/Transform3x3Matrix.uasset" 76
"../../../Engine/Content/Functions/Engine_MaterialFunctions02/Utility/BlendAngleCorrectedNormals.uasset" 77
"../../../Engine/Content/Functions/Engine_MaterialFunctions02/Utility/BreakOutFloat2Components.uasset" 78
"../../../Engine/Content/Functions/Engine_MaterialFunctions02/Utility/MakeFloat3.uasset" 79
"../../../Engine/Content/EngineMaterials/BaseFlattenNormalMap.uasset" 80
"../../../Engine/Content/Functions/Engine_MaterialFunctions02/WorldAlignedNormals_HighQuality.uasset" 81
"../../../Engine/Content/Functions/MaterialLayerFunctions/MatLayerBlend_BakedNormal.uasset" 82
"../../../Engine/Content/Functions/MaterialLayerFunctions/MatLayerBlend_ModulateRoughness.uasset" 83
"../../../Engine/Content/Functions/MaterialLayerFunctions/MatLayerBlend_Standard.uasset" 84
"../../../../../../Users/mo_gu/Documents/GitHub/SourceTree/TKHS/FreeziaYukes/Freezia/Content/mogu_sample/model/Textures/T_Patina_Metal_D.uasset" 85
"../../../../../../Users/mo_gu/Documents/GitHub/SourceTree/TKHS/FreeziaYukes/Freezia/Content/mogu_sample/model/Textures/T_Slums_TilingMetal_n.uasset" 86
"../../../../../../Users/mo_gu/Documents/GitHub/SourceTree/TKHS/FreeziaYukes/Freezia/Content/mogu_sample/model/Materials/MF_Slums_Metal.uasset" 87
"../../../../../../Users/mo_gu/Documents/GitHub/SourceTree/TKHS/FreeziaYukes/Freezia/Content/mogu_sample/model/Textures/T_Slums_Metal_Scratches_02_D.uasset" 88
"../../../../../../Users/mo_gu/Documents/GitHub/SourceTree/TKHS/FreeziaYukes/Freezia/Content/mogu_sample/model/Textures/T_Slums_Metal_Scratches_02_N.uasset" 89
"../../../../../../Users/mo_gu/Documents/GitHub/SourceTree/TKHS/FreeziaYukes/Freezia/Content/mogu_sample/model/Textures/T_Slums_TilingMetal_D.uasset" 90
"../../../../../../Users/mo_gu/Documents/GitHub/SourceTree/TKHS/FreeziaYukes/Freezia/Content/mogu_sample/model/Materials/MF_Slums_Paint.uasset" 91
"../../../../../../Users/mo_gu/Documents/GitHub/SourceTree/TKHS/FreeziaYukes/Freezia/Content/mogu_sample/model/Textures/T_Slums_Metal_Rust_03_D.uasset" 92
"../../../../../../Users/mo_gu/Documents/GitHub/SourceTree/TKHS/FreeziaYukes/Freezia/Content/mogu_sample/model/Textures/T_Slums_Metal_Rust_03_N.uasset" 93
"../../../../../../Users/mo_gu/Documents/GitHub/SourceTree/TKHS/FreeziaYukes/Freezia/Content/mogu_sample/model/Materials/MF_Slums_Rusted.uasset" 94
"../../../../../../Users/mo_gu/Documents/GitHub/SourceTree/TKHS/FreeziaYukes/Freezia/Content/mogu_sample/model/Materials/MF_Switch.uasset" 95
"../../../Engine/Content/EngineMaterials/DefaultNormal_Uncompressed.uasset" 96
"../../../../../../Users/mo_gu/Documents/GitHub/SourceTree/TKHS/FreeziaYukes/Freezia/Content/mogu_sample/model/Materials/MF_WorldAlignedPanner.uasset" 97
"../../../Engine/Content/Functions/Engine_MaterialFunctions02/ExampleContent/Textures/water_d.uasset" 98
"../../../../../../Users/mo_gu/Documents/GitHub/SourceTree/TKHS/FreeziaYukes/Freezia/Content/mogu_sample/model/Textures/T_RainPuddleMask.uasset" 99
"../../../../../../Users/mo_gu/Documents/GitHub/SourceTree/TKHS/FreeziaYukes/Freezia/Content/mogu_sample/model/Textures/T_Soul_Water01_N.uasset" 100
"../../../../../../Users/mo_gu/Documents/GitHub/SourceTree/TKHS/FreeziaYukes/Freezia/Content/mogu_sample/model/Materials/MF_WET_RunningWater.uasset" 101
"../../../../../../Users/mo_gu/Documents/GitHub/SourceTree/TKHS/FreeziaYukes/Freezia/Content/mogu_sample/model/Textures/T_Slums_MetalTexture_M.uasset" 102
"../../../../../../Users/mo_gu/Documents/GitHub/SourceTree/TKHS/FreeziaYukes/Freezia/Content/mogu_sample/model/Textures/T_Slums_MetalTexture_N.uasset" 103
"../../../../../../Users/mo_gu/Documents/GitHub/SourceTree/TKHS/FreeziaYukes/Freezia/Content/mogu_sample/model/Materials/M_Slums_Metalwork.uasset" 104
"../../../../../../Users/mo_gu/Documents/GitHub/SourceTree/TKHS/FreeziaYukes/Freezia/Content/mogu_sample/model/Materials/MI_Slums_Metalwork.uasset" 105
"../../../../../../Users/mo_gu/Documents/GitHub/SourceTree/TKHS/FreeziaYukes/Freezia/Content/Content/Model/New_Player/JetPack/jet.uasset" 106
"../../../../../../Users/mo_gu/Documents/GitHub/SourceTree/TKHS/FreeziaYukes/Freezia/Content/StarterContent/Textures/T_Smoke_SubUV.uasset" 107
"../../../../../../Users/mo_gu/Documents/GitHub/SourceTree/TKHS/FreeziaYukes/Freezia/Content/StarterContent/Textures/T_Smoke_Tiled_D.uasset" 108
"../../../../../../Users/mo_gu/Documents/GitHub/SourceTree/TKHS/FreeziaYukes/Freezia/Content/StarterContent/Particles/Materials/M_smoke_subUV.uasset" 109
"../../../../../../Users/mo_gu/Documents/GitHub/SourceTree/TKHS/FreeziaYukes/Freezia/Content/Content/Particle/cold.uasset" 110
"../../../../../../Users/mo_gu/Documents/GitHub/SourceTree/TKHS/FreeziaYukes/Freezia/Content/Content/Particle/P_Damage_Move.uasset" 111
"../../../../../../Users/mo_gu/Documents/GitHub/SourceTree/TKHS/FreeziaYukes/Freezia/Content/Content/Particle/P_DeathSmoke.uasset" 112
"../../../../../../Users/mo_gu/Documents/GitHub/SourceTree/TKHS/FreeziaYukes/Freezia/Content/Content/Particle/P_DeathSmoke_Oneshot.uasset" 113
"../../../../../../Users/mo_gu/Documents/GitHub/SourceTree/TKHS/FreeziaYukes/Freezia/Content/Content/Particle/P_Jump.uasset" 114
"../../../../../../Users/mo_gu/Documents/GitHub/SourceTree/TKHS/FreeziaYukes/Freezia/Content/Content/Particle/Sepuence_cold.uasset" 115
"../../../../../../Users/mo_gu/Documents/GitHub/SourceTree/TKHS/FreeziaYukes/Freezia/Content/Content/Sound/BGM/SE/BGM_Death.uasset" 116
"../../../../../../Users/mo_gu/Documents/GitHub/SourceTree/TKHS/FreeziaYukes/Freezia/Content/Content/Sound/BGM/SE/BGM_Death_Cue.uasset" 117
"../../../../../../Users/mo_gu/Documents/GitHub/SourceTree/TKHS/FreeziaYukes/Freezia/Content/Content/Sound/SE/SE/Blizzard_Breath.uasset" 118
"../../../../../../Users/mo_gu/Documents/GitHub/SourceTree/TKHS/FreeziaYukes/Freezia/Content/Content/Sound/SE/SE/Blizzard_Breath_Cue.uasset" 119
"../../../../../../Users/mo_gu/Documents/GitHub/SourceTree/TKHS/FreeziaYukes/Freezia/Content/Content/Sound/SE/SE/Freeze2.uasset" 120
"../../../../../../Users/mo_gu/Documents/GitHub/SourceTree/TKHS/FreeziaYukes/Freezia/Content/Content/Sound/SE/SE/Freeze2_Cue.uasset" 121
"../../../../../../Users/mo_gu/Documents/GitHub/SourceTree/TKHS/FreeziaYukes/Freezia/Content/Content/Sound/SE/SE/JetPack.uasset" 122
"../../../../../../Users/mo_gu/Documents/GitHub/SourceTree/TKHS/FreeziaYukes/Freezia/Content/Content/Sound/SE/SE/JetPack_Cue.uasset" 123
"../../../../../../Users/mo_gu/Documents/GitHub/SourceTree/TKHS/FreeziaYukes/Freezia/Content/Content/Sound/SE/SE/Jump.uasset" 124
"../../../../../../Users/mo_gu/Documents/GitHub/SourceTree/TKHS/FreeziaYukes/Freezia/Content/Content/Sound/SE/SE/Jump_Cue.uasset" 125
"../../../../../../Users/mo_gu/Documents/GitHub/SourceTree/TKHS/FreeziaYukes/Freezia/Content/Content/Blueprint/Player/Player_BP.uasset" 126
"../../../../../../Users/mo_gu/Documents/GitHub/SourceTree/TKHS/FreeziaYukes/Freezia/Content/Content/Blueprint/BeltConveyor_BP.uasset" 127
"../../../../../../Users/mo_gu/Documents/GitHub/SourceTree/TKHS/FreeziaYukes/Freezia/Content/Content/Blueprint/DeathTriggerVolume_BP.uasset" 128
"../../../../../../Users/mo_gu/Documents/GitHub/SourceTree/TKHS/FreeziaYukes/Freezia/Content/Content/Blueprint/FireDamageAria_BP.uasset" 129
"../../../../../../Users/mo_gu/Documents/GitHub/SourceTree/TKHS/FreeziaYukes/Freezia/Content/Content/Blueprint/mesh/Gear.uasset" 130
"../../../../../../Users/mo_gu/Documents/GitHub/SourceTree/TKHS/FreeziaYukes/Freezia/Content/Content/Blueprint/Gear_BP.uasset" 131
"../../../../../../Users/mo_gu/Documents/GitHub/SourceTree/TKHS/FreeziaYukes/Freezia/Content/Content/Sound/SE/SE_Item_Get.uasset" 132
"../../../../../../Users/mo_gu/Documents/GitHub/SourceTree/TKHS/FreeziaYukes/Freezia/Content/Content/Blueprint/Jetpack_BP.uasset" 133
"../../../../../../Users/mo_gu/Documents/GitHub/SourceTree/TKHS/FreeziaYukes/Freezia/Content/Content/Blueprint/JetpackSpawner_BP.uasset" 134
"../../../../../../Users/mo_gu/Documents/GitHub/SourceTree/TKHS/FreeziaYukes/Freezia/Content/Content/Blueprint/LayerSwitchVolume_BP.uasset" 135
"../../../../../../Users/mo_gu/Documents/GitHub/SourceTree/TKHS/FreeziaYukes/Freezia/Content/Content/Blueprint/Material/M_legs.uasset" 136
"../../../../../../Users/mo_gu/Documents/GitHub/SourceTree/TKHS/FreeziaYukes/Freezia/Content/Content/Blueprint/mesh/lever_bou.uasset" 137
"../../../../../../Users/mo_gu/Documents/GitHub/SourceTree/TKHS/FreeziaYukes/Freezia/Content/Content/Blueprint/mesh/lever_main.uasset" 138
"../../../../../../Users/mo_gu/Documents/GitHub/SourceTree/TKHS/FreeziaYukes/Freezia/Content/Content/Blueprint/Lever_BP.uasset" 139
"../../../../../../Users/mo_gu/Documents/GitHub/SourceTree/TKHS/FreeziaYukes/Freezia/Content/Content/Blueprint/Memory_Piece.uasset" 140
"../../../../../../Users/mo_gu/Documents/GitHub/SourceTree/TKHS/FreeziaYukes/Freezia/Content/Content/Blueprint/MoveDeathMist_BP.uasset" 141
"../../../../../../Users/mo_gu/Documents/GitHub/SourceTree/TKHS/FreeziaYukes/Freezia/Content/Content/Blueprint/PressMachine_BP.uasset" 142
"../../../../../../Users/mo_gu/Documents/GitHub/SourceTree/TKHS/FreeziaYukes/Freezia/Content/Content/Blueprint/ResetPosition_BP.uasset" 143
"../../../Engine/Content/EditorMaterials/TargetIcon.uasset" 144
"../../../../../../Users/mo_gu/Documents/GitHub/SourceTree/TKHS/FreeziaYukes/Freezia/Content/Content/Blueprint/Respawner_BP.uasset" 145
"../../../../../../Users/mo_gu/Documents/GitHub/SourceTree/TKHS/FreeziaYukes/Freezia/Content/Content/Blueprint/SwitchVolume_BP.uasset" 146
"../../../../../../Users/mo_gu/Documents/GitHub/SourceTree/TKHS/FreeziaYukes/Freezia/Content/Content/Blueprint/mesh/box.uasset" 147
"../../../../../../Users/mo_gu/Documents/GitHub/SourceTree/TKHS/FreeziaYukes/Freezia/Content/Content/Particle/Effect/Texture/T_IceShards_E.uasset" 148
"../../../../../../Users/mo_gu/Documents/GitHub/SourceTree/TKHS/FreeziaYukes/Freezia/Content/Content/Particle/Effect/Material/T_IceShards_E_Mat.uasset" 149
"../../../../../../Users/mo_gu/Documents/GitHub/SourceTree/TKHS/FreeziaYukes/Freezia/Content/Content/Sound/JGA2020_amateur_thema.uasset" 150
"../../../../../../Users/mo_gu/Documents/GitHub/SourceTree/TKHS/FreeziaYukes/Freezia/Content/Content/Sound/SoundAttenuation.uasset" 151
"../../../../../../Users/mo_gu/Documents/GitHub/SourceTree/TKHS/FreeziaYukes/Freezia/Content/Content/Sound/BGM/BGM_Stage01.uasset" 152
"../../../../../../Users/mo_gu/Documents/GitHub/SourceTree/TKHS/FreeziaYukes/Freezia/Content/Content/Sound/BGM/BGM_Stage02.uasset" 153
"../../../../../../Users/mo_gu/Documents/GitHub/SourceTree/TKHS/FreeziaYukes/Freezia/Content/Content/Sound/BGM/BGM_Stage03.uasset" 154
"../../../../../../Users/mo_gu/Documents/GitHub/SourceTree/TKHS/FreeziaYukes/Freezia/Content/Content/Sound/BGM/BGM_Stage04.uasset" 155
"../../../../../../Users/mo_gu/Documents/GitHub/SourceTree/TKHS/FreeziaYukes/Freezia/Content/Content/Sound/BGM/BGM_Stage1.uasset" 156
"../../../../../../Users/mo_gu/Documents/GitHub/SourceTree/TKHS/FreeziaYukes/Freezia/Content/Content/Sound/BGM/SE/BGM_Result.uasset" 157
"../../../../../../Users/mo_gu/Documents/GitHub/SourceTree/TKHS/FreeziaYukes/Freezia/Content/Content/Sound/BGM/SE/BGM_StageSelect.uasset" 158
"../../../../../../Users/mo_gu/Documents/GitHub/SourceTree/TKHS/FreeziaYukes/Freezia/Content/Content/Sound/BGM/SE/BGM_title.uasset" 159
"../../../../../../Users/mo_gu/Documents/GitHub/SourceTree/TKHS/FreeziaYukes/Freezia/Content/Content/Sound/BGM/SE/loop/Result_Cue.uasset" 160
"../../../../../../Users/mo_gu/Documents/GitHub/SourceTree/TKHS/FreeziaYukes/Freezia/Content/Content/Sound/BGM/SE/loop/Result_Loop.uasset" 161
"../../../../../../Users/mo_gu/Documents/GitHub/SourceTree/TKHS/FreeziaYukes/Freezia/Content/Content/Sound/BGM/SE/loop/Result_Start.uasset" 162
"../../../../../../Users/mo_gu/Documents/GitHub/SourceTree/TKHS/FreeziaYukes/Freezia/Content/Content/Sound/SE/SE_Bell.uasset" 163
"../../../../../../Users/mo_gu/Documents/GitHub/SourceTree/TKHS/FreeziaYukes/Freezia/Content/Content/Sound/SE/SE_Burner.uasset" 164
"../../../../../../Users/mo_gu/Documents/GitHub/SourceTree/TKHS/FreeziaYukes/Freezia/Content/Content/Sound/SE/SE_Damage.uasset" 165
"../../../../../../Users/mo_gu/Documents/GitHub/SourceTree/TKHS/FreeziaYukes/Freezia/Content/Content/Sound/SE/SE_Fan.uasset" 166
"../../../../../../Users/mo_gu/Documents/GitHub/SourceTree/TKHS/FreeziaYukes/Freezia/Content/Content/Sound/SE/SE_Frankfurt.uasset" 167
"../../../../../../Users/mo_gu/Documents/GitHub/SourceTree/TKHS/FreeziaYukes/Freezia/Content/Content/Sound/SE/SE_Frankfurt_Cue.uasset" 168
"../../../../../../Users/mo_gu/Documents/GitHub/SourceTree/TKHS/FreeziaYukes/Freezia/Content/Content/Sound/SE/SE_GameStart.uasset" 169
"../../../../../../Users/mo_gu/Documents/GitHub/SourceTree/TKHS/FreeziaYukes/Freezia/Content/Content/Sound/SE/SE_Gear.uasset" 170
"../../../../../../Users/mo_gu/Documents/GitHub/SourceTree/TKHS/FreeziaYukes/Freezia/Content/Content/Sound/SE/SE_Lever.uasset" 171
"../../../../../../Users/mo_gu/Documents/GitHub/SourceTree/TKHS/FreeziaYukes/Freezia/Content/Content/Sound/SE/SE_Memory.uasset" 172
"../../../../../../Users/mo_gu/Documents/GitHub/SourceTree/TKHS/FreeziaYukes/Freezia/Content/Content/Sound/SE/SE_Object_Push.uasset" 173
"../../../../../../Users/mo_gu/Documents/GitHub/SourceTree/TKHS/FreeziaYukes/Freezia/Content/Content/Sound/SE/SE_OpenGate.uasset" 174
"../../../../../../Users/mo_gu/Documents/GitHub/SourceTree/TKHS/FreeziaYukes/Freezia/Content/Content/Sound/SE/SE_OpenGate_Cue.uasset" 175
"../../../../../../Users/mo_gu/Documents/GitHub/SourceTree/TKHS/FreeziaYukes/Freezia/Content/Content/Sound/SE/SE_Press.uasset" 176
"../../../../../../Users/mo_gu/Documents/GitHub/SourceTree/TKHS/FreeziaYukes/Freezia/Content/Content/Sound/SE/SE_Shave.uasset" 177
"../../../../../../Users/mo_gu/Documents/GitHub/SourceTree/TKHS/FreeziaYukes/Freezia/Content/Content/Sound/SE/SE_TV.uasset" 178
"../../../../../../Users/mo_gu/Documents/GitHub/SourceTree/TKHS/FreeziaYukes/Freezia/Content/Content/Sound/SE/SE_Warp.uasset" 179
"../../../../../../Users/mo_gu/Documents/GitHub/SourceTree/TKHS/FreeziaYukes/Freezia/Content/Content/Sound/SE/SE_Water.uasset" 180
"../../../../../../Users/mo_gu/Documents/GitHub/SourceTree/TKHS/FreeziaYukes/Freezia/Content/Content/Sound/SE/SE/Blizzard.uasset" 181
"../../../../../../Users/mo_gu/Documents/GitHub/SourceTree/TKHS/FreeziaYukes/Freezia/Content/Content/Sound/SE/SE/Blizzard_Cue.uasset" 182
"../../../../../../Users/mo_gu/Documents/GitHub/SourceTree/TKHS/FreeziaYukes/Freezia/Content/Content/Sound/SE/SE/FootSteps2.uasset" 183
"../../../../../../Users/mo_gu/Documents/GitHub/SourceTree/TKHS/FreeziaYukes/Freezia/Content/Content/Sound/SE/SE/FootSteps2_Cue.uasset" 184
"../../../../../../Users/mo_gu/Documents/GitHub/SourceTree/TKHS/FreeziaYukes/Freezia/Content/Content/Sound/SE/SE/Freeze1.uasset" 185
"../../../../../../Users/mo_gu/Documents/GitHub/SourceTree/TKHS/FreeziaYukes/Freezia/Content/Content/Sound/SE/SE/Freeze1_Cue.uasset" 186
"../../../../../../Users/mo_gu/Documents/GitHub/SourceTree/TKHS/FreeziaYukes/Freezia/Content/Content/Sound/SE/SE/heel_Area.uasset" 187
"../../../../../../Users/mo_gu/Documents/GitHub/SourceTree/TKHS/FreeziaYukes/Freezia/Content/Content/Sound/SE/SE/heel_item.uasset" 188
"../../../../../../Users/mo_gu/Documents/GitHub/SourceTree/TKHS/FreeziaYukes/Freezia/Content/Content/Sound/SE/SE/heel_item_Stereo.uasset" 189
"../../../../../../Users/mo_gu/Documents/GitHub/SourceTree/TKHS/FreeziaYukes/Freezia/Content/Content/Texture/UI/atai.uasset" 190
"../../../../../../Users/mo_gu/Documents/GitHub/SourceTree/TKHS/FreeziaYukes/Freezia/Content/Content/Texture/UI/UI.uasset" 191
"../../../../../../Users/mo_gu/Documents/GitHub/SourceTree/TKHS/FreeziaYukes/Freezia/Content/Content/Texture/UI/white.uasset" 192
"../../../../../../Users/mo_gu/Documents/GitHub/SourceTree/TKHS/FreeziaYukes/Freezia/Content/Content/UI/UI.uasset" 193
"../../../../../../Users/mo_gu/Documents/GitHub/SourceTree/TKHS/FreeziaYukes/Freezia/Content/Splash/EdSplash.uasset" 194
"../../../../../../Users/mo_gu/Documents/GitHub/SourceTree/TKHS/FreeziaYukes/Freezia/Content/StarterContent/Materials/M_Basic_Wall.uasset" 195
"../../../../../../Users/mo_gu/Documents/GitHub/SourceTree/TKHS/FreeziaYukes/Freezia/Content/StarterContent/Architecture/Pillar_50x500.uasset" 196
"../../../../../../Users/mo_gu/Documents/GitHub/SourceTree/TKHS/FreeziaYukes/Freezia/Content/StarterContent/Architecture/Wall_400x300.uasset" 197
"../../../../../../Users/mo_gu/Documents/GitHub/SourceTree/TKHS/FreeziaYukes/Freezia/Content/StarterContent/Architecture/Wall_400x400.uasset" 198
"../../../../../../Users/mo_gu/Documents/GitHub/SourceTree/TKHS/FreeziaYukes/Freezia/Content/StarterContent/Architecture/Wall_500x500.uasset" 199
"../../../../../../Users/mo_gu/Documents/GitHub/SourceTree/TKHS/FreeziaYukes/Freezia/Content/StarterContent/Architecture/Wall_Door_400x400.uasset" 200
"../../../../../../Users/mo_gu/Documents/GitHub/SourceTree/TKHS/FreeziaYukes/Freezia/Content/StarterContent/Architecture/Wall_Window_400x400.uasset" 201
"../../../../../../Users/mo_gu/Documents/GitHub/SourceTree/TKHS/FreeziaYukes/Freezia/Content/StarterContent/Audio/Collapse01.uasset" 202
"../../../../../../Users/mo_gu/Documents/GitHub/SourceTree/TKHS/FreeziaYukes/Freezia/Content/StarterContent/Audio/Collapse02.uasset" 203
"../../../../../../Users/mo_gu/Documents/GitHub/SourceTree/TKHS/FreeziaYukes/Freezia/Content/StarterContent/Audio/Explosion01.uasset" 204
"../../../../../../Users/mo_gu/Documents/GitHub/SourceTree/TKHS/FreeziaYukes/Freezia/Content/StarterContent/Audio/Explosion02.uasset" 205
"../../../../../../Users/mo_gu/Documents/GitHub/SourceTree/TKHS/FreeziaYukes/Freezia/Content/StarterContent/Audio/Fire01.uasset" 206
"../../../../../../Users/mo_gu/Documents/GitHub/SourceTree/TKHS/FreeziaYukes/Freezia/Content/StarterContent/Audio/Fire_Sparks01.uasset" 207
"../../../../../../Users/mo_gu/Documents/GitHub/SourceTree/TKHS/FreeziaYukes/Freezia/Content/StarterContent/Audio/Light01.uasset" 208
"../../../../../../Users/mo_gu/Documents/GitHub/SourceTree/TKHS/FreeziaYukes/Freezia/Content/StarterContent/Audio/Light01_Cue.uasset" 209
"../../../../../../Users/mo_gu/Documents/GitHub/SourceTree/TKHS/FreeziaYukes/Freezia/Content/StarterContent/Audio/Light02.uasset" 210
"../../../../../../Users/mo_gu/Documents/GitHub/SourceTree/TKHS/FreeziaYukes/Freezia/Content/StarterContent/Audio/Light02_Cue.uasset" 211
"../../../../../../Users/mo_gu/Documents/GitHub/SourceTree/TKHS/FreeziaYukes/Freezia/Content/StarterContent/Audio/Smoke01.uasset" 212
"../../../../../../Users/mo_gu/Documents/GitHub/SourceTree/TKHS/FreeziaYukes/Freezia/Content/StarterContent/Audio/Starter_Birds01.uasset" 213
"../../../../../../Users/mo_gu/Documents/GitHub/SourceTree/TKHS/FreeziaYukes/Freezia/Content/StarterContent/Audio/Starter_Music01.uasset" 214
"../../../../../../Users/mo_gu/Documents/GitHub/SourceTree/TKHS/FreeziaYukes/Freezia/Content/StarterContent/Audio/Starter_Wind05.uasset" 215
"../../../../../../Users/mo_gu/Documents/GitHub/SourceTree/TKHS/FreeziaYukes/Freezia/Content/StarterContent/Audio/Starter_Wind06.uasset" 216
"../../../../../../Users/mo_gu/Documents/GitHub/SourceTree/TKHS/FreeziaYukes/Freezia/Content/StarterContent/Audio/Steam01.uasset" 217
"../../../../../../Users/mo_gu/Documents/GitHub/SourceTree/TKHS/FreeziaYukes/Freezia/Content/StarterContent/Audio/Explosion_Cue.uasset" 218
"../../../../../../Users/mo_gu/Documents/GitHub/SourceTree/TKHS/FreeziaYukes/Freezia/Content/StarterContent/Textures/T_Burst_M.uasset" 219
"../../../../../../Users/mo_gu/Documents/GitHub/SourceTree/TKHS/FreeziaYukes/Freezia/Content/StarterContent/Particles/Materials/M_Burst.uasset" 220
"../../../../../../Users/mo_gu/Documents/GitHub/SourceTree/TKHS/FreeziaYukes/Freezia/Content/StarterContent/Textures/T_Explosion_SubUV.uasset" 221
"../../../../../../Users/mo_gu/Documents/GitHub/SourceTree/TKHS/FreeziaYukes/Freezia/Content/StarterContent/Particles/Materials/M_explosion_subUV.uasset" 222
"../../../../../../Users/mo_gu/Documents/GitHub/SourceTree/TKHS/FreeziaYukes/Freezia/Content/StarterContent/Particles/Materials/m_flare_01.uasset" 223
"../../../Engine/Content/Functions/Engine_MaterialFunctions01/Gradient/RadialGradient.uasset" 224
"../../../../../../Users/mo_gu/Documents/GitHub/SourceTree/TKHS/FreeziaYukes/Freezia/Content/StarterContent/Particles/Materials/M_radial_ramp.uasset" 225
"../../../../../../Users/mo_gu/Documents/GitHub/SourceTree/TKHS/FreeziaYukes/Freezia/Content/StarterContent/Particles/P_Explosion.uasset" 226
"../../../../../../Users/mo_gu/Documents/GitHub/SourceTree/TKHS/FreeziaYukes/Freezia/Content/StarterContent/Blueprints/Blueprint_Effect_Explosion.uasset" 227
"../../../Engine/Content/EditorMeshes/ColorCalibrator/T_ColorGrid.uasset" 228
"../../../../../../Users/mo_gu/Documents/GitHub/SourceTree/TKHS/FreeziaYukes/Freezia/Content/StarterContent/Materials/M_ColorGrid_LowSpec.uasset" 229
"../../../../../../Users/mo_gu/Documents/GitHub/SourceTree/TKHS/FreeziaYukes/Freezia/Content/StarterContent/Textures/T_Bush_D.uasset" 230
"../../../../../../Users/mo_gu/Documents/GitHub/SourceTree/TKHS/FreeziaYukes/Freezia/Content/StarterContent/Textures/T_Bush_N.uasset" 231
"../../../../../../Users/mo_gu/Documents/GitHub/SourceTree/TKHS/FreeziaYukes/Freezia/Content/StarterContent/Props/Materials/M_Bush.uasset" 232
"../../../../../../Users/mo_gu/Documents/GitHub/SourceTree/TKHS/FreeziaYukes/Freezia/Content/StarterContent/Props/SM_Bush.uasset" 233
"../../../../../../Users/mo_gu/Documents/GitHub/SourceTree/TKHS/FreeziaYukes/Freezia/Content/StarterContent/Textures/T_Chair_M.uasset" 234
"../../../../../../Users/mo_gu/Documents/GitHub/SourceTree/TKHS/FreeziaYukes/Freezia/Content/StarterContent/Textures/T_Chair_N.uasset" 235
"../../../../../../Users/mo_gu/Documents/GitHub/SourceTree/TKHS/FreeziaYukes/Freezia/Content/StarterContent/Props/Materials/M_Chair.uasset" 236
"../../../../../../Users/mo_gu/Documents/GitHub/SourceTree/TKHS/FreeziaYukes/Freezia/Content/StarterContent/Props/SM_Couch.uasset" 237
"../../../../../../Users/mo_gu/Documents/GitHub/SourceTree/TKHS/FreeziaYukes/Freezia/Content/StarterContent/Materials/M_Glass.uasset" 238
"../../../../../../Users/mo_gu/Documents/GitHub/SourceTree/TKHS/FreeziaYukes/Freezia/Content/StarterContent/Textures/T_Door_M.uasset" 239
"../../../../../../Users/mo_gu/Documents/GitHub/SourceTree/TKHS/FreeziaYukes/Freezia/Content/StarterContent/Textures/T_Door_N.uasset" 240
"../../../../../../Users/mo_gu/Documents/GitHub/SourceTree/TKHS/FreeziaYukes/Freezia/Content/StarterContent/Props/Materials/M_Door.uasset" 241
"../../../../../../Users/mo_gu/Documents/GitHub/SourceTree/TKHS/FreeziaYukes/Freezia/Content/StarterContent/Props/SM_Door.uasset" 242
"../../../../../../Users/mo_gu/Documents/GitHub/SourceTree/TKHS/FreeziaYukes/Freezia/Content/StarterContent/Props/Materials/M_MaterialSphere.uasset" 243
"../../../../../../Users/mo_gu/Documents/GitHub/SourceTree/TKHS/FreeziaYukes/Freezia/Content/StarterContent/Props/Materials/M_MaterialSphere_Plain.uasset" 244
"../../../../../../Users/mo_gu/Documents/GitHub/SourceTree/TKHS/FreeziaYukes/Freezia/Content/StarterContent/Props/SM_MatPreviewMesh_02.uasset" 245
"../../../../../../Users/mo_gu/Documents/GitHub/SourceTree/TKHS/FreeziaYukes/Freezia/Content/StarterContent/Textures/T_Detail_Rocky_N.uasset" 246
"../../../../../../Users/mo_gu/Documents/GitHub/SourceTree/TKHS/FreeziaYukes/Freezia/Content/StarterContent/Textures/T_Rock_Basalt_D.uasset" 247
"../../../../../../Users/mo_gu/Documents/GitHub/SourceTree/TKHS/FreeziaYukes/Freezia/Content/StarterContent/Textures/T_RockMesh_M.uasset" 248
"../../../../../../Users/mo_gu/Documents/GitHub/SourceTree/TKHS/FreeziaYukes/Freezia/Content/StarterContent/Textures/T_RockMesh_N.uasset" 249
"../../../../../../Users/mo_gu/Documents/GitHub/SourceTree/TKHS/FreeziaYukes/Freezia/Content/StarterContent/Props/Materials/M_Rock.uasset" 250
"../../../../../../Users/mo_gu/Documents/GitHub/SourceTree/TKHS/FreeziaYukes/Freezia/Content/StarterContent/Props/SM_Rock.uasset" 251
"../../../../../../Users/mo_gu/Documents/GitHub/SourceTree/TKHS/FreeziaYukes/Freezia/Content/StarterContent/Textures/T_Shelf_M.uasset" 252
"../../../../../../Users/mo_gu/Documents/GitHub/SourceTree/TKHS/FreeziaYukes/Freezia/Content/StarterContent/Textures/T_Shelf_N.uasset" 253
"../../../../../../Users/mo_gu/Documents/GitHub/SourceTree/TKHS/FreeziaYukes/Freezia/Content/StarterContent/Props/Materials/M_Shelf.uasset" 254
"../../../../../../Users/mo_gu/Documents/GitHub/SourceTree/TKHS/FreeziaYukes/Freezia/Content/StarterContent/Props/SM_Shelf.uasset" 255
"../../../../../../Users/mo_gu/Documents/GitHub/SourceTree/TKHS/FreeziaYukes/Freezia/Content/StarterContent/Materials/M_Basic_Floor.uasset" 256
"../../../../../../Users/mo_gu/Documents/GitHub/SourceTree/TKHS/FreeziaYukes/Freezia/Content/StarterContent/Props/SM_Stairs.uasset" 257
"../../../../../../Users/mo_gu/Documents/GitHub/SourceTree/TKHS/FreeziaYukes/Freezia/Content/StarterContent/Shapes/Shape_Cone.uasset" 258
"../../../../../../Users/mo_gu/Documents/GitHub/SourceTree/TKHS/FreeziaYukes/Freezia/Content/StarterContent/Shapes/Shape_Cylinder.uasset" 259
"../../../../../../Users/mo_gu/Documents/GitHub/SourceTree/TKHS/FreeziaYukes/Freezia/Content/StarterContent/Shapes/Shape_NarrowCapsule.uasset" 260
"../../../../../../Users/mo_gu/Documents/GitHub/SourceTree/TKHS/FreeziaYukes/Freezia/Content/StarterContent/Shapes/Shape_Pipe.uasset" 261
"../../../../../../Users/mo_gu/Documents/GitHub/SourceTree/TKHS/FreeziaYukes/Freezia/Content/StarterContent/Shapes/Shape_Pipe_180.uasset" 262
"../../../../../../Users/mo_gu/Documents/GitHub/SourceTree/TKHS/FreeziaYukes/Freezia/Content/StarterContent/Shapes/Shape_Pipe_90.uasset" 263
"../../../../../../Users/mo_gu/Documents/GitHub/SourceTree/TKHS/FreeziaYukes/Freezia/Content/StarterContent/Shapes/Shape_Plane.uasset" 264
"../../../../../../Users/mo_gu/Documents/GitHub/SourceTree/TKHS/FreeziaYukes/Freezia/Content/StarterContent/Shapes/Shape_Torus.uasset" 265
"../../../../../../Users/mo_gu/Documents/GitHub/SourceTree/TKHS/FreeziaYukes/Freezia/Content/StarterContent/Shapes/Shape_Trim.uasset" 266
"../../../../../../Users/mo_gu/Documents/GitHub/SourceTree/TKHS/FreeziaYukes/Freezia/Content/StarterContent/Shapes/Shape_Trim_90_In.uasset" 267
"../../../../../../Users/mo_gu/Documents/GitHub/SourceTree/TKHS/FreeziaYukes/Freezia/Content/StarterContent/Shapes/Shape_Trim_90_Out.uasset" 268
"../../../../../../Users/mo_gu/Documents/GitHub/SourceTree/TKHS/FreeziaYukes/Freezia/Content/StarterContent/Shapes/Shape_TriPyramid.uasset" 269
"../../../../../../Users/mo_gu/Documents/GitHub/SourceTree/TKHS/FreeziaYukes/Freezia/Content/StarterContent/Shapes/Shape_Tube.uasset" 270
"../../../../../../Users/mo_gu/Documents/GitHub/SourceTree/TKHS/FreeziaYukes/Freezia/Content/StarterContent/Shapes/Shape_Wedge_A.uasset" 271
"../../../../../../Users/mo_gu/Documents/GitHub/SourceTree/TKHS/FreeziaYukes/Freezia/Content/StarterContent/Shapes/Shape_Wedge_B.uasset" 272
"../../../../../../Users/mo_gu/Documents/GitHub/SourceTree/TKHS/FreeziaYukes/Freezia/Content/StarterContent/Shapes/Shape_WideCapsule.uasset" 273
"../../../Engine/Content/Animation/DefaultAnimCurveCompressionSettings.uasset" 274
"../../../Engine/Content/ArtTools/RenderToTexture/Meshes/S_1_Unit_Plane.uasset" 275
"../../../Engine/Content/EngineMaterials/DefaultMaterial.uasset" 276
"../../../Engine/Content/BasicShapes/Cone.uasset" 277
"../../../Engine/Content/BasicShapes/Cylinder.uasset" 278
"../../../Engine/Content/EditorLandscapeResources/DataLayer.uasset" 279
"../../../Engine/Content/EditorMaterials/MAT_Groups_Toggle.uasset" 280
"../../../Engine/Content/EditorMaterials/MAT_Groups_Visibility.uasset" 281
"../../../Engine/Content/EditorMaterials/PreviewShadowIndicator.uasset" 282
"../../../Engine/Content/EditorMaterials/PreviewShadowIndicatorMaterial.uasset" 283
"../../../Engine/Content/EditorMaterials/MatineeGroups/MAT_ColorTrack.uasset" 284
"../../../Engine/Content/EditorMaterials/MatineeGroups/MAT_Groups_Anim.uasset" 285
"../../../Engine/Content/EditorMaterials/MatineeGroups/MAT_Groups_AudioMaster.uasset" 286
"../../../Engine/Content/EditorMaterials/MatineeGroups/MAT_Groups_Director.uasset" 287
"../../../Engine/Content/EditorMaterials/MatineeGroups/MAT_Groups_Event.uasset" 288
"../../../Engine/Content/EditorMaterials/MatineeGroups/MAT_Groups_Fade.uasset" 289
"../../../Engine/Content/EditorMaterials/MatineeGroups/MAT_Groups_Float.uasset" 290
"../../../Engine/Content/EditorMaterials/MatineeGroups/MAT_Groups_Move.uasset" 291
"../../../Engine/Content/EditorMaterials/MatineeGroups/MAT_Groups_Slomo.uasset" 292
"../../../Engine/Content/EditorMaterials/MatineeGroups/MAT_Groups_Sound.uasset" 293
"../../../Engine/Content/EditorMaterials/MatineeGroups/MAT_Groups_Vector.uasset" 294
"../../../Engine/Content/EditorMaterials/ParticleSystems/PSysThumbnail_NoImage.uasset" 295
"../../../Engine/Content/EditorMaterials/ParticleSystems/PSysThumbnail_OOD.uasset" 296
"../../../Engine/Content/EditorMaterials/Camera/CineMat.uasset" 297
"../../../Engine/Content/EditorMaterials/Camera/MI_CineMat_Rig.uasset" 298
"../../../Engine/Content/EditorMeshes/Camera/SM_CraneRig_Arm.uasset" 299
"../../../Engine/Content/EditorMeshes/Camera/SM_CraneRig_Base.uasset" 300
"../../../Engine/Content/EditorMeshes/Camera/SM_CraneRig_Body.uasset" 301
"../../../Engine/Content/EditorMeshes/Camera/SM_CraneRig_Mount.uasset" 302
"../../../Engine/Content/EditorMeshes/Camera/SM_RailRig_Mount.uasset" 303
"../../../Engine/Content/EditorMeshes/Camera/SM_RailRig_Track.uasset" 304
"../../../Engine/Content/EditorResources/BSPVertex.uasset" 305
"../../../Engine/Content/EditorResources/EmptyActor.uasset" 306
"../../../Engine/Content/EditorResources/S_Actor.uasset" 307
"../../../Engine/Content/EditorResources/S_Note.uasset" 308
"../../../Engine/Content/EditorResources/S_Solver.uasset" 309
"../../../Engine/Content/EditorResources/S_Trigger.uasset" 310
"../../../Engine/Content/EditorResources/AudioIcons/S_AudioComponent.uasset" 311
"../../../Engine/Content/EditorResources/AudioIcons/S_AudioComponent_AutoActivate.uasset" 312
"../../../Engine/Content/EditorResources/LightIcons/S_LightError.uasset" 313
"../../../Engine/Content/EditorResources/SequenceRecorder/Countdown.uasset" 314
"../../../Engine/Content/EditorResources/SequenceRecorder/RecordingIndicator.uasset" 315
"../../../Engine/Content/EditorSounds/Notifications/CompileFailed.uasset" 316
"../../../Engine/Content/EditorSounds/Notifications/CompileFailed_Cue.uasset" 317
"../../../Engine/Content/EditorSounds/Notifications/CompileSuccess.uasset" 318
"../../../Engine/Content/EditorSounds/Notifications/CompileStart_Cue.uasset" 319
"../../../Engine/Content/EditorSounds/Notifications/CompileSuccess_Cue.uasset" 320
"../../../Engine/Content/EngineDamageTypes/DmgTypeBP_Environmental.uasset" 321
"../../../Engine/Content/EngineDebugMaterials/DebugEditorMaterial.uasset" 322
"../../../Engine/Content/EngineDebugMaterials/DebugMeshMaterial.uasset" 323
"../../../Engine/Content/EngineDebugMaterials/M_SimpleTranslucent.uasset" 324
"../../../Engine/Content/Functions/Engine_MaterialFunctions02/Utility/CameraDirectionVector.uasset" 325
"../../../Engine/Content/EngineDebugMaterials/VolumeToRender.uasset" 326
"../../../Engine/Content/EngineDebugMaterials/M_VolumeRenderSphereTracePP.uasset" 327
"../../../Engine/Content/EngineDebugMaterials/WireframeMaterial.uasset" 328
"../../../Engine/Content/EngineFonts/Faces/DroidSansFallback.uasset" 329
"../../../Engine/Content/EngineFonts/Faces/RobotoBold.uasset" 330
"../../../Engine/Content/EngineFonts/Faces/RobotoBoldItalic.uasset" 331
"../../../Engine/Content/EngineFonts/Faces/RobotoItalic.uasset" 332
"../../../Engine/Content/EngineFonts/Faces/RobotoLight.uasset" 333
"../../../Engine/Content/EngineFonts/Faces/RobotoRegular.uasset" 334
"../../../Engine/Content/EngineFonts/Roboto.uasset" 335
"../../../Engine/Content/EngineMaterials/BaseFlattenDiffuseMap.uasset" 336
"../../../Engine/Content/EngineMaterials/BaseFlattenEmissiveMap.uasset" 337
"../../../Engine/Content/EngineMaterials/BaseFlattenGrayscaleMap.uasset" 338
"../../../Engine/Content/EngineMaterials/BaseFlattenMaterial.uasset" 339
"../../../Engine/Content/EngineMaterials/BlueNoise.uasset" 340
"../../../Engine/Content/EngineMaterials/DefaultBloomKernel.uasset" 341
"../../../Engine/Content/EngineMaterials/DefaultBokeh.uasset" 342
"../../../Engine/Content/EngineMaterials/DefaultDiffuse.uasset" 343
"../../../Engine/Content/EngineMaterials/DefaultDeferredDecalMaterial.uasset" 344
"../../../Engine/Content/EngineMaterials/DefaultLightFunctionMaterial.uasset" 345
"../../../Engine/Content/EngineMaterials/DefaultPhysicalMaterial.uasset" 346
"../../../Engine/Content/EngineMaterials/DefaultPostProcessMaterial.uasset" 347
"../../../Engine/Content/EngineFonts/RobotoDistanceField.uasset" 348
"../../../Engine/Content/EngineMaterials/DefaultTextMaterialOpaque.uasset" 349
"../../../Engine/Content/EngineMaterials/DefaultVirtualTextureMaterial.uasset" 350
"../../../Engine/Content/EngineMaterials/DefaultWhiteGrid.uasset" 351
"../../../Engine/Content/EngineMaterials/DefaultWhiteGrid_Low.uasset" 352
"../../../Engine/Content/EngineMaterials/EmissiveMeshMaterial.uasset" 353
"../../../Engine/Content/EngineMaterials/GizmoMaterial.uasset" 354
"../../../Engine/Content/EngineMaterials/Good64x64TilingNoiseHighFreq.uasset" 355
"../../../Engine/Content/EngineMaterials/HairDefaultMaterial.uasset" 356
"../../../Engine/Content/EngineMaterials/MiniFont.uasset" 357
"../../../Engine/Content/EngineMaterials/InvalidLightmapSettings.uasset" 358
"../../../Engine/Content/EngineMaterials/M_InvalidLightmapSettings.uasset" 359
"../../../Engine/Content/Functions/Engine_MaterialFunctions02/WorldPositionOffset/CameraOffset.uasset" 360
"../../../Engine/Content/EngineMaterials/PhAT_JointLimitMaterial.uasset" 361
"../../../Engine/Content/EngineMaterials/PreintegratedSkinBRDF.uasset" 362
"../../../Engine/Content/EngineMaterials/RemoveSurfaceMaterial.uasset" 363
"../../../Engine/Content/EngineMaterials/WeightMapPlaceholderTexture.uasset" 364
"../../../Engine/Content/EngineResources/WhiteSquareTexture.uasset" 365
"../../../Engine/Content/EngineMaterials/Widget3DPassThrough.uasset" 366
"../../../Engine/Content/EngineMaterials/Widget3DPassThrough_Masked.uasset" 367
"../../../Engine/Content/EngineMaterials/Widget3DPassThrough_Opaque.uasset" 368
"../../../Engine/Content/EngineMaterials/Widget3DPassThrough_Masked_OneSided.uasset" 369
"../../../Engine/Content/EngineMaterials/Widget3DPassThrough_Opaque_OneSided.uasset" 370
"../../../Engine/Content/EngineMaterials/Widget3DPassThrough_Translucent.uasset" 371
"../../../Engine/Content/EngineMaterials/Widget3DPassThrough_Translucent_OneSided.uasset" 372
"../../../Engine/Content/EngineMeshes/Cylinder.uasset" 373
"../../../Engine/Content/EngineMeshes/Sphere.uasset" 374
"../../../Engine/Content/EngineResources/DefaultTexture.uasset" 375
"../../../Engine/Content/EngineResources/DefaultTextureCube.uasset" 376
"../../../Engine/Content/EngineResources/DefaultVolumeTexture2D.uasset" 377
"../../../Engine/Content/EngineResources/DefaultVolumeTexture.uasset" 378
"../../../Engine/Content/EngineResources/GradientTexture0.uasset" 379
"../../../Engine/Content/EngineSounds/Master.uasset" 380
"../../../Engine/Content/Functions/Engine_MaterialFunctions01/Shading/ConvertFromDiffSpec.uasset" 381
"../../../Engine/Content/Functions/Engine_MaterialFunctions01/Shading/PowerToRoughness.uasset" 382
"../../../Engine/Content/Maps/Templates/Thumbnails/Default.uasset" 383
"../../../Engine/Content/Maps/Templates/Thumbnails/TimeOfDay.uasset" 384
"../../../Engine/Content/Maps/Templates/Thumbnails/VR-Basic.uasset" 385
"../../../Engine/Content/MobileResources/T_MobileControls_texture.uasset" 386
"../../../Engine/Content/MobileResources/T_MobileMenu2.uasset" 387
"../../../Engine/Content/MobileResources/HUD/AnalogHat.uasset" 388
"../../../Engine/Content/MobileResources/HUD/VirtualJoystick_Background.uasset" 389
"../../../Engine/Content/MobileResources/HUD/VirtualJoystick_Thumb.uasset" 390
"../../../Engine/Content/MobileResources/HUD/DefaultVirtualJoysticks.uasset" 391
"../../../Engine/Content/MobileResources/HUD/LeftVirtualJoystickOnly.uasset" 392
"../../../Engine/Content/MobileResources/HUD/MobileHUDButton1_off.uasset" 393
"../../../Engine/Content/MobileResources/HUD/MobileHUDButton1_on.uasset" 394
"../../../Engine/Content/MobileResources/HUD/MobileHUDButton2_off.uasset" 395
"../../../Engine/Content/MobileResources/HUD/MobileHUDButton2_on.uasset" 396
"../../../Engine/Content/MobileResources/HUD/MobileHUDButton3.uasset" 397
"../../../Engine/Content/MobileResources/HUD/MobileHUDButtonFire.uasset" 398
"../../../Engine/Content/MobileResources/HUD/MobileHUDDirectionPad.uasset" 399
"../../../Engine/Content/MobileResources/HUD/MobileHUDDirectionPad2.uasset" 400
"../../../Engine/Content/MobileResources/HUD/MobileHUDDirectionPad3.uasset" 401
"../../../Engine/Content/MobileResources/HUD/MobileHUDDirectionStick.uasset" 402
"../../../Engine/Content/MobileResources/HUD/T_Castle_ThumbstickInner.uasset" 403
"../../../Engine/Content/MobileResources/HUD/T_Castle_ThumbstickOutter.uasset" 404
"../../../Engine/Content/Tutorial/ContentIntroCurve.uasset" 405
"../../../Engine/Content/Tutorial/Basics/LevelEditorAttract.uasset" 406
"../../../Engine/Content/Tutorial/Basics/TutorialAssets/icon_tab_Levels_40x.uasset" 407
"../../../Engine/Content/Tutorial/Basics/LevelEditorOverview.uasset" 408
"../../../Engine/Content/Tutorial/Landscape/TutorialAssets/Landscape.uasset" 409
"../../../Engine/Content/Tutorial/Landscape/LandscapeWalkThrough.uasset" 410
"../../../Engine/Content/Tutorial/Landscape/Landscape_Manage_Mode.uasset" 411
"../../../Engine/Content/Tutorial/Landscape/Landscape_Painting_Mode.uasset" 412
"../../../Engine/Content/Tutorial/Landscape/Landscape_Sculpt_Mode.uasset" 413
"../../../Engine/Content/VREditor/LaserPointer/VR_LaserPower_01.uasset" 414
"../../../Engine/Content/VREditor/TransformGizmo/TransformGizmoMaterial.uasset" 415
"../../../Engine/Content/VREditor/TransformGizmo/TranslucentTransformGizmoMaterial.uasset" 416
"../../../Engine/Content/VREditor/TransformGizmo/BoundingBoxCorner.uasset" 417
"../../../Engine/Content/VREditor/TransformGizmo/BoundingBoxEdge.uasset" 418
"../../../Engine/Content/VREditor/TransformGizmo/PlaneTranslationHandle.uasset" 419
"../../../Engine/Content/VREditor/TransformGizmo/Main.uasset" 420
"../../../Engine/Content/VREditor/TransformGizmo/Xray.uasset" 421
"../../../Engine/Content/VREditor/TransformGizmo/SM_Sequencer_Key.uasset" 422
"../../../Engine/Content/VREditor/TransformGizmo/SM_Sequencer_Node.uasset" 423
"../../Plugins/2D/Paper2D/Content/PlaceholderTextures/DummySpriteTexture.uasset" 424
"../../Plugins/2D/Paper2D/Content/DummySprite.uasset" 425
"../../Plugins/2D/Paper2D/Content/DefaultPaperTerrainMaterial.uasset" 426
"../../Plugins/2D/Paper2D/Content/DummySpriteTexture.uasset" 427
"../../Plugins/2D/Paper2D/Content/DefaultSpriteMaterial.uasset" 428
"../../Plugins/2D/Paper2D/Content/MaskedUnlitSpriteMaterial.uasset" 429
"../../Plugins/2D/Paper2D/Content/OpaqueUnlitSpriteMaterial.uasset" 430
"../../../Engine/Content/Functions/Engine_MaterialFunctions02/Utility/BreakOutFloat4Components.uasset" 431
"../../../Engine/Content/Functions/Engine_MaterialFunctions02/Utility/MakeFloat2.uasset" 432
"../../Plugins/Runtime/Oculus/OculusVR/Content/Materials/OculusMR_ChromaKey.uasset" 433
"../../Plugins/Runtime/Oculus/OculusVR/Content/Materials/OculusMR_ChromaKey_Lit.uasset" 434
"../../Plugins/Runtime/Oculus/OculusVR/Content/Materials/OculusMR_OpaqueColoredMaterial.uasset" 435
"../../Plugins/Runtime/Oculus/OculusVR/Content/Materials/OculusMR_WhiteMaterial.uasset" 436
"../../../Engine/Content/EngineSky/C_Sky_Cloud_Color.uasset" 437
"../../../Engine/Content/EngineSky/C_Sky_Horizon_Color.uasset" 438
"../../../Engine/Content/EngineSky/C_Sky_Zenith_Color.uasset" 439
"../../../Engine/Content/EngineSky/T_Sky_Blue.uasset" 440
"../../../Engine/Content/EngineSky/T_Sky_Clouds_M.uasset" 441
"../../../Engine/Content/EngineSky/T_Sky_Stars.uasset" 442
"../../../Engine/Content/EngineSky/M_Sky_Panning_Clouds2.uasset" 443
"../../../Engine/Content/EngineSky/SM_SkySphere.uasset" 444
"../../../Engine/Content/EngineSky/BP_Sky_Sphere.uasset" 445
"../../../../../../Users/mo_gu/Documents/GitHub/SourceTree/TKHS/FreeziaYukes/Freezia/Content/Content/Blueprint/GameMode_BP.uasset" 446
"../../../../../../Users/mo_gu/Documents/GitHub/SourceTree/TKHS/FreeziaYukes/Freezia/Content/Content/Model/Material/Black.uasset" 447
"../../../../../../Users/mo_gu/Documents/GitHub/SourceTree/TKHS/FreeziaYukes/Freezia/Content/Content/Model/Material/Black1.uasset" 448
"../../../Engine/Content/BasicShapes/Plane.uasset" 449
"../../../../../../Users/mo_gu/Documents/GitHub/SourceTree/TKHS/FreeziaYukes/Freezia/Content/Content/Level/mitame_test.umap" 450
"../../../../../../Users/mo_gu/Documents/GitHub/SourceTree/TKHS/FreeziaYukes/Freezia/Content/Content/Blueprint/mesh/heel_item.uasset" 451
"../../../Engine/Content/EngineResources/Black.uasset" 452
"../../../../../../Users/mo_gu/Documents/GitHub/SourceTree/TKHS/FreeziaYukes/Freezia/Content/Content/Particle/Effect/Material/M_Add_Sprite_Master_DepthFade.uasset" 453
"../../../../../../Users/mo_gu/Documents/GitHub/SourceTree/TKHS/FreeziaYukes/Freezia/Content/Content/Particle/Effect/Texture/T_starFlare_01.uasset" 454
"../../../../../../Users/mo_gu/Documents/GitHub/SourceTree/TKHS/FreeziaYukes/Freezia/Content/Content/Particle/Effect/Material/M_Flare_01_INST.uasset" 455
"../../../../../../Users/mo_gu/Documents/GitHub/SourceTree/TKHS/FreeziaYukes/Freezia/Content/Content/Particle/Effect/Texture/T_starFlare_02.uasset" 456
"../../../../../../Users/mo_gu/Documents/GitHub/SourceTree/TKHS/FreeziaYukes/Freezia/Content/Content/Particle/Effect/Material/M_Flare_02_INST.uasset" 457
"../../../../../../Users/mo_gu/Documents/GitHub/SourceTree/TKHS/FreeziaYukes/Freezia/Content/Content/Particle/Effect/Texture/T_Vertical_Glow.uasset" 458
"../../../../../../Users/mo_gu/Documents/GitHub/SourceTree/TKHS/FreeziaYukes/Freezia/Content/Content/Particle/Effect/Material/M_Glow_Vertical_INST.uasset" 459
"../../../../../../Users/mo_gu/Documents/GitHub/SourceTree/TKHS/FreeziaYukes/Freezia/Content/Content/Particle/Effect/P_Resource_OreRock.uasset" 460
"../../../../../../Users/mo_gu/Documents/GitHub/SourceTree/TKHS/FreeziaYukes/Freezia/Content/Content/Blueprint/CureObject_BP.uasset" 461
"../../../Engine/Content/BasicShapes/BasicShapeMaterial.uasset" 462
"../../../Engine/Content/MapTemplates/SM_Template_Map_Floor.uasset" 463
"../../../../../../Users/mo_gu/Documents/GitHub/SourceTree/TKHS/FreeziaYukes/Freezia/Content/Content/Level/Stage1_1.umap" 464
"../../../../../../Users/mo_gu/Documents/GitHub/SourceTree/TKHS/FreeziaYukes/Freezia/Content/Content/Blueprint/Seesaw_BP.uasset" 465
"../../../Engine/Content/BasicShapes/Sphere.uasset" 466
"../../../../../../Users/mo_gu/Documents/GitHub/SourceTree/TKHS/FreeziaYukes/Freezia/Content/Content/Blueprint/Gate_BP.uasset" 467
"../../../Engine/Content/MapTemplates/Materials/BasicAsset01.uasset" 468
"../../../../../../Users/mo_gu/Documents/GitHub/SourceTree/TKHS/FreeziaYukes/Freezia/Content/Content/Blueprint/Switch_BP.uasset" 469
"../../../../../../Users/mo_gu/Documents/GitHub/SourceTree/TKHS/FreeziaYukes/Freezia/Content/Content/Level/Stage1_2.umap" 470
"../../../../../../Users/mo_gu/Documents/GitHub/SourceTree/TKHS/FreeziaYukes/Freezia/Content/Content/Level/TestMap.umap" 471
"../../../../../../Users/mo_gu/Documents/GitHub/SourceTree/TKHS/FreeziaYukes/Freezia/Content/Content/Level/Appearance/1_2.umap" 472
"../../../../../../Users/mo_gu/Documents/GitHub/SourceTree/TKHS/FreeziaYukes/Freezia/Content/StarterContent/Blueprints/Assets/FogBrightnessLUT.uasset" 473
"../../../../../../Users/mo_gu/Documents/GitHub/SourceTree/TKHS/FreeziaYukes/Freezia/Content/StarterContent/Blueprints/Assets/SunlightColorLUT.uasset" 474
"../../../../../../Users/mo_gu/Documents/GitHub/SourceTree/TKHS/FreeziaYukes/Freezia/Content/StarterContent/Blueprints/Assets/M_LightStage_Arrows.uasset" 475
"../../../Engine/Content/MapTemplates/Sky/DaylightAmbientCubemap.uasset" 476
"../../../../../../Users/mo_gu/Documents/GitHub/SourceTree/TKHS/FreeziaYukes/Freezia/Content/StarterContent/Blueprints/Assets/M_LightStage_Skybox_Master.uasset" 477
"../../../../../../Users/mo_gu/Documents/GitHub/SourceTree/TKHS/FreeziaYukes/Freezia/Content/StarterContent/Blueprints/Assets/M_LightStage_Skybox_Black.uasset" 478
"../../../../../../Users/mo_gu/Documents/GitHub/SourceTree/TKHS/FreeziaYukes/Freezia/Content/StarterContent/Blueprints/Assets/M_LightStage_Skybox_HDRI.uasset" 479
"../../../Engine/Content/EditorMaterials/Thumbnails/SkySphereMaterial.uasset" 480
"../../../../../../Users/mo_gu/Documents/GitHub/SourceTree/TKHS/FreeziaYukes/Freezia/Content/StarterContent/Blueprints/Assets/Skybox.uasset" 481
"../../../../../../Users/mo_gu/Documents/GitHub/SourceTree/TKHS/FreeziaYukes/Freezia/Content/StarterContent/Blueprints/Assets/SM_Arrows.uasset" 482
"../../../../../../Users/mo_gu/Documents/GitHub/SourceTree/TKHS/FreeziaYukes/Freezia/Content/StarterContent/HDRI/HDRI_Epic_Courtyard_Daylight.uasset" 483
"../../../../../../Users/mo_gu/Documents/GitHub/SourceTree/TKHS/FreeziaYukes/Freezia/Content/StarterContent/Blueprints/BP_LightStudio.uasset" 484
"../../../../../../Users/mo_gu/Documents/GitHub/SourceTree/TKHS/FreeziaYukes/Freezia/Content/StarterContent/Materials/M_AssetPlatform.uasset" 485
"../../../Engine/Content/EditorMeshes/ColorCalibrator/M_ChromeBall.uasset" 486
"../../../Engine/Content/EditorMeshes/ColorCalibrator/M_ClearCoat.uasset" 487
"../../../Engine/Content/EditorMeshes/ColorCalibrator/M_ClearCoatBlack.uasset" 488
"../../../Engine/Content/EditorMeshes/ColorCalibrator/Color_checker.uasset" 489
"../../../Engine/Content/EditorMeshes/ColorCalibrator/M_ColorGrid.uasset" 490
"../../../Engine/Content/EditorMeshes/ColorCalibrator/M_GreyBall.uasset" 491
"../../../Engine/Content/EditorMeshes/ColorCalibrator/SM_ColorCalibrator.uasset" 492
"../../../../../../Users/mo_gu/Documents/GitHub/SourceTree/TKHS/FreeziaYukes/Freezia/Content/StarterContent/Architecture/SM_AssetPlatform.uasset" 493
"../../../../../../Users/mo_gu/Documents/GitHub/SourceTree/TKHS/FreeziaYukes/Freezia/Content/StarterContent/Maps/Advanced_Lighting.umap" 494
"../../../../../../Users/mo_gu/Documents/GitHub/SourceTree/TKHS/FreeziaYukes/Freezia/Content/StarterContent/Textures/T_MacroVariation.uasset" 495
"../../../../../../Users/mo_gu/Documents/GitHub/SourceTree/TKHS/FreeziaYukes/Freezia/Content/StarterContent/Materials/M_Metal_Brushed_Nickel.uasset" 496
"../../../../../../Users/mo_gu/Documents/GitHub/SourceTree/TKHS/FreeziaYukes/Freezia/Content/StarterContent/Textures/T_Metal_Aluminum_D.uasset" 497
"../../../../../../Users/mo_gu/Documents/GitHub/SourceTree/TKHS/FreeziaYukes/Freezia/Content/StarterContent/Textures/T_Metal_Gold_N.uasset" 498
"../../../../../../Users/mo_gu/Documents/GitHub/SourceTree/TKHS/FreeziaYukes/Freezia/Content/StarterContent/Materials/M_Metal_Burnished_Steel.uasset" 499
"../../../../../../Users/mo_gu/Documents/GitHub/SourceTree/TKHS/FreeziaYukes/Freezia/Content/StarterContent/Textures/T_Metal_Copper_D.uasset" 500
"../../../../../../Users/mo_gu/Documents/GitHub/SourceTree/TKHS/FreeziaYukes/Freezia/Content/StarterContent/Materials/M_Metal_Copper.uasset" 501
"../../../../../../Users/mo_gu/Documents/GitHub/SourceTree/TKHS/FreeziaYukes/Freezia/Content/StarterContent/Textures/T_Statue_M.uasset" 502
"../../../../../../Users/mo_gu/Documents/GitHub/SourceTree/TKHS/FreeziaYukes/Freezia/Content/StarterContent/Textures/T_Statue_N.uasset" 503
"../../../../../../Users/mo_gu/Documents/GitHub/SourceTree/TKHS/FreeziaYukes/Freezia/Content/StarterContent/Props/Materials/M_StatueGlass.uasset" 504
"../../../../../../Users/mo_gu/Documents/GitHub/SourceTree/TKHS/FreeziaYukes/Freezia/Content/StarterContent/Architecture/Floor_400x400.uasset" 505
"../../../../../../Users/mo_gu/Documents/GitHub/SourceTree/TKHS/FreeziaYukes/Freezia/Content/StarterContent/Audio/Starter_Background_Cue.uasset" 506
"../../../../../../Users/mo_gu/Documents/GitHub/SourceTree/TKHS/FreeziaYukes/Freezia/Content/StarterContent/Props/SM_Chair.uasset" 507
"../../../../../../Users/mo_gu/Documents/GitHub/SourceTree/TKHS/FreeziaYukes/Freezia/Content/StarterContent/Props/Materials/M_Statue.uasset" 508
"../../../../../../Users/mo_gu/Documents/GitHub/SourceTree/TKHS/FreeziaYukes/Freezia/Content/StarterContent/Props/SM_Statue.uasset" 509
"../../../../../../Users/mo_gu/Documents/GitHub/SourceTree/TKHS/FreeziaYukes/Freezia/Content/StarterContent/Textures/T_TableRound_M.uasset" 510
"../../../../../../Users/mo_gu/Documents/GitHub/SourceTree/TKHS/FreeziaYukes/Freezia/Content/StarterContent/Textures/T_TableRound_N.uasset" 511
"../../../../../../Users/mo_gu/Documents/GitHub/SourceTree/TKHS/FreeziaYukes/Freezia/Content/StarterContent/Props/Materials/M_TableRound.uasset" 512
"../../../../../../Users/mo_gu/Documents/GitHub/SourceTree/TKHS/FreeziaYukes/Freezia/Content/StarterContent/Props/SM_TableRound.uasset" 513
"../../../../../../Users/mo_gu/Documents/GitHub/SourceTree/TKHS/FreeziaYukes/Freezia/Content/StarterContent/Maps/Minimal_Default.umap" 514
"../../../../../../Users/mo_gu/Documents/GitHub/SourceTree/TKHS/FreeziaYukes/Freezia/Content/StarterContent/Audio/Fire01_Cue.uasset" 515
"../../../../../../Users/mo_gu/Documents/GitHub/SourceTree/TKHS/FreeziaYukes/Freezia/Content/StarterContent/Textures/T_Fire_SubUV.uasset" 516
"../../../../../../Users/mo_gu/Documents/GitHub/SourceTree/TKHS/FreeziaYukes/Freezia/Content/StarterContent/Textures/T_Fire_Tiled_D.uasset" 517
"../../../../../../Users/mo_gu/Documents/GitHub/SourceTree/TKHS/FreeziaYukes/Freezia/Content/StarterContent/Particles/Materials/M_Fire_SubUV.uasset" 518
"../../../../../../Users/mo_gu/Documents/GitHub/SourceTree/TKHS/FreeziaYukes/Freezia/Content/StarterContent/Particles/Materials/M_Heat_Distortion.uasset" 519
"../../../../../../Users/mo_gu/Documents/GitHub/SourceTree/TKHS/FreeziaYukes/Freezia/Content/StarterContent/Particles/Materials/M_Radial_Gradient.uasset" 520
"../../../../../../Users/mo_gu/Documents/GitHub/SourceTree/TKHS/FreeziaYukes/Freezia/Content/StarterContent/Particles/P_Fire.uasset" 521
"../../../../../../Users/mo_gu/Documents/GitHub/SourceTree/TKHS/FreeziaYukes/Freezia/Content/StarterContent/Blueprints/Blueprint_Effect_Fire.uasset" 522
"../../../../../../Users/mo_gu/Documents/GitHub/SourceTree/TKHS/FreeziaYukes/Freezia/Content/StarterContent/Audio/Smoke01_Cue.uasset" 523
"../../../../../../Users/mo_gu/Documents/GitHub/SourceTree/TKHS/FreeziaYukes/Freezia/Content/StarterContent/Particles/P_Smoke.uasset" 524
"../../../../../../Users/mo_gu/Documents/GitHub/SourceTree/TKHS/FreeziaYukes/Freezia/Content/StarterContent/Blueprints/Blueprint_Effect_Smoke.uasset" 525
"../../../../../../Users/mo_gu/Documents/GitHub/SourceTree/TKHS/FreeziaYukes/Freezia/Content/StarterContent/Audio/Fire_Sparks01_Cue.uasset" 526
"../../../../../../Users/mo_gu/Documents/GitHub/SourceTree/TKHS/FreeziaYukes/Freezia/Content/StarterContent/Textures/T_Spark_Core.uasset" 527
"../../../../../../Users/mo_gu/Documents/GitHub/SourceTree/TKHS/FreeziaYukes/Freezia/Content/StarterContent/Particles/Materials/M_Spark.uasset" 528
"../../../../../../Users/mo_gu/Documents/GitHub/SourceTree/TKHS/FreeziaYukes/Freezia/Content/StarterContent/Particles/P_Sparks.uasset" 529
"../../../../../../Users/mo_gu/Documents/GitHub/SourceTree/TKHS/FreeziaYukes/Freezia/Content/StarterContent/Blueprints/Blueprint_Effect_Sparks.uasset" 530
"../../../../../../Users/mo_gu/Documents/GitHub/SourceTree/TKHS/FreeziaYukes/Freezia/Content/StarterContent/Audio/Steam01_Cue.uasset" 531
"../../../../../../Users/mo_gu/Documents/GitHub/SourceTree/TKHS/FreeziaYukes/Freezia/Content/StarterContent/Particles/P_Steam_Lit.uasset" 532
"../../../../../../Users/mo_gu/Documents/GitHub/SourceTree/TKHS/FreeziaYukes/Freezia/Content/StarterContent/Blueprints/Blueprint_Effect_Steam.uasset" 533
"../../../../../../Users/mo_gu/Documents/GitHub/SourceTree/TKHS/FreeziaYukes/Freezia/Content/StarterContent/Textures/T_Lamp_M.uasset" 534
"../../../../../../Users/mo_gu/Documents/GitHub/SourceTree/TKHS/FreeziaYukes/Freezia/Content/StarterContent/Textures/T_Lamp_N.uasset" 535
"../../../../../../Users/mo_gu/Documents/GitHub/SourceTree/TKHS/FreeziaYukes/Freezia/Content/StarterContent/Props/Materials/M_Lamp.uasset" 536
"../../../../../../Users/mo_gu/Documents/GitHub/SourceTree/TKHS/FreeziaYukes/Freezia/Content/StarterContent/Props/SM_Lamp_Ceiling.uasset" 537
"../../../../../../Users/mo_gu/Documents/GitHub/SourceTree/TKHS/FreeziaYukes/Freezia/Content/StarterContent/Blueprints/Blueprint_CeilingLight.uasset" 538
"../../../../../../Users/mo_gu/Documents/GitHub/SourceTree/TKHS/FreeziaYukes/Freezia/Content/StarterContent/Props/SM_Lamp_Wall.uasset" 539
"../../../../../../Users/mo_gu/Documents/GitHub/SourceTree/TKHS/FreeziaYukes/Freezia/Content/StarterContent/Blueprints/Blueprint_WallSconce.uasset" 540
"../../../Engine/Content/Functions/Engine_MaterialFunctions03/Procedurals/ComputeFilterWidth.uasset" 541
"../../../Engine/Content/EngineMaterials/AntiAliasedTextMaterialTranslucent.uasset" 542
"../../../../../../Users/mo_gu/Documents/GitHub/SourceTree/TKHS/FreeziaYukes/Freezia/Content/StarterContent/Textures/T_Brick_Clay_Beveled_D.uasset" 543
"../../../../../../Users/mo_gu/Documents/GitHub/SourceTree/TKHS/FreeziaYukes/Freezia/Content/StarterContent/Textures/T_Brick_Clay_Beveled_M.uasset" 544
"../../../../../../Users/mo_gu/Documents/GitHub/SourceTree/TKHS/FreeziaYukes/Freezia/Content/StarterContent/Textures/T_Brick_Clay_Beveled_N.uasset" 545
"../../../../../../Users/mo_gu/Documents/GitHub/SourceTree/TKHS/FreeziaYukes/Freezia/Content/StarterContent/Materials/M_Brick_Clay_Beveled.uasset" 546
"../../../../../../Users/mo_gu/Documents/GitHub/SourceTree/TKHS/FreeziaYukes/Freezia/Content/StarterContent/Textures/T_Brick_Clay_New_D.uasset" 547
"../../../../../../Users/mo_gu/Documents/GitHub/SourceTree/TKHS/FreeziaYukes/Freezia/Content/StarterContent/Textures/T_Brick_Clay_New_M.uasset" 548
"../../../../../../Users/mo_gu/Documents/GitHub/SourceTree/TKHS/FreeziaYukes/Freezia/Content/StarterContent/Textures/T_Brick_Clay_New_N.uasset" 549
"../../../../../../Users/mo_gu/Documents/GitHub/SourceTree/TKHS/FreeziaYukes/Freezia/Content/StarterContent/Materials/M_Brick_Clay_New.uasset" 550
"../../../../../../Users/mo_gu/Documents/GitHub/SourceTree/TKHS/FreeziaYukes/Freezia/Content/StarterContent/Textures/T_Brick_Clay_Old_D.uasset" 551
"../../../../../../Users/mo_gu/Documents/GitHub/SourceTree/TKHS/FreeziaYukes/Freezia/Content/StarterContent/Textures/T_Brick_Clay_Old_N.uasset" 552
"../../../../../../Users/mo_gu/Documents/GitHub/SourceTree/TKHS/FreeziaYukes/Freezia/Content/StarterContent/Materials/M_Brick_Clay_Old.uasset" 553
"../../../../../../Users/mo_gu/Documents/GitHub/SourceTree/TKHS/FreeziaYukes/Freezia/Content/StarterContent/Textures/T_Brick_Cut_Stone_D.uasset" 554
"../../../../../../Users/mo_gu/Documents/GitHub/SourceTree/TKHS/FreeziaYukes/Freezia/Content/StarterContent/Textures/T_Brick_Cut_Stone_N.uasset" 555
"../../../../../../Users/mo_gu/Documents/GitHub/SourceTree/TKHS/FreeziaYukes/Freezia/Content/StarterContent/Materials/M_Brick_Cut_Stone.uasset" 556
"../../../../../../Users/mo_gu/Documents/GitHub/SourceTree/TKHS/FreeziaYukes/Freezia/Content/StarterContent/Textures/T_Brick_Hewn_Stone_D.uasset" 557
"../../../../../../Users/mo_gu/Documents/GitHub/SourceTree/TKHS/FreeziaYukes/Freezia/Content/StarterContent/Textures/T_Brick_Hewn_Stone_M.uasset" 558
"../../../../../../Users/mo_gu/Documents/GitHub/SourceTree/TKHS/FreeziaYukes/Freezia/Content/StarterContent/Textures/T_Brick_Hewn_Stone_N.uasset" 559
"../../../../../../Users/mo_gu/Documents/GitHub/SourceTree/TKHS/FreeziaYukes/Freezia/Content/StarterContent/Materials/M_Brick_Hewn_Stone.uasset" 560
"../../../../../../Users/mo_gu/Documents/GitHub/SourceTree/TKHS/FreeziaYukes/Freezia/Content/StarterContent/Textures/T_Ceramic_Tile_M.uasset" 561
"../../../../../../Users/mo_gu/Documents/GitHub/SourceTree/TKHS/FreeziaYukes/Freezia/Content/StarterContent/Textures/T_Ceramic_Tile_N.uasset" 562
"../../../../../../Users/mo_gu/Documents/GitHub/SourceTree/TKHS/FreeziaYukes/Freezia/Content/StarterContent/Textures/T_Rock_Marble_Polished_D.uasset" 563
"../../../../../../Users/mo_gu/Documents/GitHub/SourceTree/TKHS/FreeziaYukes/Freezia/Content/StarterContent/Materials/M_Ceramic_Tile_Checker.uasset" 564
"../../../../../../Users/mo_gu/Documents/GitHub/SourceTree/TKHS/FreeziaYukes/Freezia/Content/StarterContent/Textures/T_CobbleStone_Pebble_D.uasset" 565
"../../../../../../Users/mo_gu/Documents/GitHub/SourceTree/TKHS/FreeziaYukes/Freezia/Content/StarterContent/Textures/T_CobbleStone_Pebble_M.uasset" 566
"../../../../../../Users/mo_gu/Documents/GitHub/SourceTree/TKHS/FreeziaYukes/Freezia/Content/StarterContent/Textures/T_CobbleStone_Pebble_N.uasset" 567
"../../../../../../Users/mo_gu/Documents/GitHub/SourceTree/TKHS/FreeziaYukes/Freezia/Content/StarterContent/Materials/M_CobbleStone_Pebble.uasset" 568
"../../../../../../Users/mo_gu/Documents/GitHub/SourceTree/TKHS/FreeziaYukes/Freezia/Content/StarterContent/Textures/T_CobbleStone_Rough_D.uasset" 569
"../../../../../../Users/mo_gu/Documents/GitHub/SourceTree/TKHS/FreeziaYukes/Freezia/Content/StarterContent/Textures/T_CobbleStone_Rough_N.uasset" 570
"../../../../../../Users/mo_gu/Documents/GitHub/SourceTree/TKHS/FreeziaYukes/Freezia/Content/StarterContent/Textures/T_Gradinet_01.uasset" 571
"../../../../../../Users/mo_gu/Documents/GitHub/SourceTree/TKHS/FreeziaYukes/Freezia/Content/StarterContent/Textures/T_Rock_Smooth_Granite_D.uasset" 572
"../../../../../../Users/mo_gu/Documents/GitHub/SourceTree/TKHS/FreeziaYukes/Freezia/Content/StarterContent/Materials/M_CobbleStone_Rough.uasset" 573
"../../../../../../Users/mo_gu/Documents/GitHub/SourceTree/TKHS/FreeziaYukes/Freezia/Content/StarterContent/Textures/T_CobbleStone_Smooth_D.uasset" 574
"../../../../../../Users/mo_gu/Documents/GitHub/SourceTree/TKHS/FreeziaYukes/Freezia/Content/StarterContent/Textures/T_CobbleStone_Smooth_M.uasset" 575
"../../../../../../Users/mo_gu/Documents/GitHub/SourceTree/TKHS/FreeziaYukes/Freezia/Content/StarterContent/Textures/T_CobbleStone_Smooth_N.uasset" 576
"../../../../../../Users/mo_gu/Documents/GitHub/SourceTree/TKHS/FreeziaYukes/Freezia/Content/StarterContent/Materials/M_CobbleStone_Smooth.uasset" 577
"../../../../../../Users/mo_gu/Documents/GitHub/SourceTree/TKHS/FreeziaYukes/Freezia/Content/StarterContent/Textures/T_Concrete_Grime_D.uasset" 578
"../../../../../../Users/mo_gu/Documents/GitHub/SourceTree/TKHS/FreeziaYukes/Freezia/Content/StarterContent/Textures/T_Metal_Rust_N.uasset" 579
"../../../../../../Users/mo_gu/Documents/GitHub/SourceTree/TKHS/FreeziaYukes/Freezia/Content/StarterContent/Materials/M_Concrete_Grime.uasset" 580
"../../../../../../Users/mo_gu/Documents/GitHub/SourceTree/TKHS/FreeziaYukes/Freezia/Content/StarterContent/Textures/T_Concrete_Panels_D.uasset" 581
"../../../../../../Users/mo_gu/Documents/GitHub/SourceTree/TKHS/FreeziaYukes/Freezia/Content/StarterContent/Textures/T_Concrete_Panels_N.uasset" 582
"../../../../../../Users/mo_gu/Documents/GitHub/SourceTree/TKHS/FreeziaYukes/Freezia/Content/StarterContent/Materials/M_Concrete_Panels.uasset" 583
"../../../../../../Users/mo_gu/Documents/GitHub/SourceTree/TKHS/FreeziaYukes/Freezia/Content/StarterContent/Textures/T_Concrete_Poured_D.uasset" 584
"../../../../../../Users/mo_gu/Documents/GitHub/SourceTree/TKHS/FreeziaYukes/Freezia/Content/StarterContent/Textures/T_Concrete_Poured_N.uasset" 585
"../../../../../../Users/mo_gu/Documents/GitHub/SourceTree/TKHS/FreeziaYukes/Freezia/Content/StarterContent/Materials/M_Concrete_Poured.uasset" 586
"../../../../../../Users/mo_gu/Documents/GitHub/SourceTree/TKHS/FreeziaYukes/Freezia/Content/StarterContent/Textures/T_Concrete_Tiles_D.uasset" 587
"../../../../../../Users/mo_gu/Documents/GitHub/SourceTree/TKHS/FreeziaYukes/Freezia/Content/StarterContent/Textures/T_Concrete_Tiles_M.uasset" 588
"../../../../../../Users/mo_gu/Documents/GitHub/SourceTree/TKHS/FreeziaYukes/Freezia/Content/StarterContent/Textures/T_Concrete_Tiles_N.uasset" 589
"../../../../../../Users/mo_gu/Documents/GitHub/SourceTree/TKHS/FreeziaYukes/Freezia/Content/StarterContent/Textures/T_Concrete_Tiles_Variation_M.uasset" 590
"../../../../../../Users/mo_gu/Documents/GitHub/SourceTree/TKHS/FreeziaYukes/Freezia/Content/StarterContent/Materials/M_Concrete_Tiles.uasset" 591
"../../../../../../Users/mo_gu/Documents/GitHub/SourceTree/TKHS/FreeziaYukes/Freezia/Content/StarterContent/Textures/T_Ground_Grass_D.uasset" 592
"../../../../../../Users/mo_gu/Documents/GitHub/SourceTree/TKHS/FreeziaYukes/Freezia/Content/StarterContent/Textures/T_Ground_Grass_N.uasset" 593
"../../../../../../Users/mo_gu/Documents/GitHub/SourceTree/TKHS/FreeziaYukes/Freezia/Content/StarterContent/Materials/M_Ground_Grass.uasset" 594
"../../../../../../Users/mo_gu/Documents/GitHub/SourceTree/TKHS/FreeziaYukes/Freezia/Content/StarterContent/Textures/T_Ground_Gravel_D.uasset" 595
"../../../../../../Users/mo_gu/Documents/GitHub/SourceTree/TKHS/FreeziaYukes/Freezia/Content/StarterContent/Textures/T_Ground_Gravel_N.uasset" 596
"../../../../../../Users/mo_gu/Documents/GitHub/SourceTree/TKHS/FreeziaYukes/Freezia/Content/StarterContent/Materials/M_Ground_Gravel.uasset" 597
"../../../../../../Users/mo_gu/Documents/GitHub/SourceTree/TKHS/FreeziaYukes/Freezia/Content/StarterContent/Textures/T_ground_Moss_D.uasset" 598
"../../../../../../Users/mo_gu/Documents/GitHub/SourceTree/TKHS/FreeziaYukes/Freezia/Content/StarterContent/Textures/T_Ground_Moss_N.uasset" 599
"../../../../../../Users/mo_gu/Documents/GitHub/SourceTree/TKHS/FreeziaYukes/Freezia/Content/StarterContent/Materials/M_Ground_Moss.uasset" 600
"../../../../../../Users/mo_gu/Documents/GitHub/SourceTree/TKHS/FreeziaYukes/Freezia/Content/StarterContent/Materials/M_Metal_Chrome.uasset" 601
"../../../../../../Users/mo_gu/Documents/GitHub/SourceTree/TKHS/FreeziaYukes/Freezia/Content/StarterContent/Textures/T_Metal_Gold_D.uasset" 602
"../../../../../../Users/mo_gu/Documents/GitHub/SourceTree/TKHS/FreeziaYukes/Freezia/Content/StarterContent/Materials/M_Metal_Gold.uasset" 603
"../../../../../../Users/mo_gu/Documents/GitHub/SourceTree/TKHS/FreeziaYukes/Freezia/Content/StarterContent/Textures/T_Metal_Rust_D.uasset" 604
"../../../../../../Users/mo_gu/Documents/GitHub/SourceTree/TKHS/FreeziaYukes/Freezia/Content/StarterContent/Materials/M_Metal_Rust.uasset" 605
"../../../../../../Users/mo_gu/Documents/GitHub/SourceTree/TKHS/FreeziaYukes/Freezia/Content/StarterContent/Textures/T_Metal_Steel_D.uasset" 606
"../../../../../../Users/mo_gu/Documents/GitHub/SourceTree/TKHS/FreeziaYukes/Freezia/Content/StarterContent/Textures/T_Metal_Steel_N.uasset" 607
"../../../../../../Users/mo_gu/Documents/GitHub/SourceTree/TKHS/FreeziaYukes/Freezia/Content/StarterContent/Materials/M_Metal_Steel.uasset" 608
"../../../../../../Users/mo_gu/Documents/GitHub/SourceTree/TKHS/FreeziaYukes/Freezia/Content/StarterContent/Textures/T_Rock_Basalt_N.uasset" 609
"../../../../../../Users/mo_gu/Documents/GitHub/SourceTree/TKHS/FreeziaYukes/Freezia/Content/StarterContent/Materials/M_Rock_Basalt.uasset" 610
"../../../../../../Users/mo_gu/Documents/GitHub/SourceTree/TKHS/FreeziaYukes/Freezia/Content/StarterContent/Materials/M_Rock_Marble_Polished.uasset" 611
"../../../../../../Users/mo_gu/Documents/GitHub/SourceTree/TKHS/FreeziaYukes/Freezia/Content/StarterContent/Textures/T_Rock_Sandstone_D.uasset" 612
"../../../../../../Users/mo_gu/Documents/GitHub/SourceTree/TKHS/FreeziaYukes/Freezia/Content/StarterContent/Textures/T_Rock_Sandstone_N.uasset" 613
"../../../../../../Users/mo_gu/Documents/GitHub/SourceTree/TKHS/FreeziaYukes/Freezia/Content/StarterContent/Materials/M_Rock_Sandstone.uasset" 614
"../../../../../../Users/mo_gu/Documents/GitHub/SourceTree/TKHS/FreeziaYukes/Freezia/Content/StarterContent/Textures/T_Rock_Slate_D.uasset" 615
"../../../../../../Users/mo_gu/Documents/GitHub/SourceTree/TKHS/FreeziaYukes/Freezia/Content/StarterContent/Textures/T_Rock_Slate_N.uasset" 616
"../../../../../../Users/mo_gu/Documents/GitHub/SourceTree/TKHS/FreeziaYukes/Freezia/Content/StarterContent/Materials/M_Rock_Slate.uasset" 617
"../../../../../../Users/mo_gu/Documents/GitHub/SourceTree/TKHS/FreeziaYukes/Freezia/Content/StarterContent/Textures/T_Checker_Noise_M.uasset" 618
"../../../../../../Users/mo_gu/Documents/GitHub/SourceTree/TKHS/FreeziaYukes/Freezia/Content/StarterContent/Textures/T_Single_Tile_N.uasset" 619
"../../../../../../Users/mo_gu/Documents/GitHub/SourceTree/TKHS/FreeziaYukes/Freezia/Content/StarterContent/Textures/T_Tech_Dot_M.uasset" 620
"../../../../../../Users/mo_gu/Documents/GitHub/SourceTree/TKHS/FreeziaYukes/Freezia/Content/StarterContent/Textures/T_Tech_Dot_N.uasset" 621
"../../../../../../Users/mo_gu/Documents/GitHub/SourceTree/TKHS/FreeziaYukes/Freezia/Content/StarterContent/Materials/M_Tech_Checker_Dot.uasset" 622
"../../../../../../Users/mo_gu/Documents/GitHub/SourceTree/TKHS/FreeziaYukes/Freezia/Content/StarterContent/Textures/T_Tech_Hex_Tile_M.uasset" 623
"../../../../../../Users/mo_gu/Documents/GitHub/SourceTree/TKHS/FreeziaYukes/Freezia/Content/StarterContent/Textures/T_Tech_Hex_Tile_N.uasset" 624
"../../../../../../Users/mo_gu/Documents/GitHub/SourceTree/TKHS/FreeziaYukes/Freezia/Content/StarterContent/Materials/M_Tech_Hex_Tile.uasset" 625
"../../../../../../Users/mo_gu/Documents/GitHub/SourceTree/TKHS/FreeziaYukes/Freezia/Content/StarterContent/Materials/M_Tech_Hex_Tile_Pulse.uasset" 626
"../../../../../../Users/mo_gu/Documents/GitHub/SourceTree/TKHS/FreeziaYukes/Freezia/Content/StarterContent/Textures/T_Tech_Panel_M.uasset" 627
"../../../../../../Users/mo_gu/Documents/GitHub/SourceTree/TKHS/FreeziaYukes/Freezia/Content/StarterContent/Textures/T_Tech_Panel_N.uasset" 628
"../../../../../../Users/mo_gu/Documents/GitHub/SourceTree/TKHS/FreeziaYukes/Freezia/Content/StarterContent/Materials/M_Tech_Panel.uasset" 629
"../../../../../../Users/mo_gu/Documents/GitHub/SourceTree/TKHS/FreeziaYukes/Freezia/Content/StarterContent/Textures/T_Water_M.uasset" 630
"../../../../../../Users/mo_gu/Documents/GitHub/SourceTree/TKHS/FreeziaYukes/Freezia/Content/StarterContent/Materials/M_Water_Ocean.uasset" 631
"../../../../../../Users/mo_gu/Documents/GitHub/SourceTree/TKHS/FreeziaYukes/Freezia/Content/StarterContent/Textures/T_Wood_Floor_Walnut_D.uasset" 632
"../../../../../../Users/mo_gu/Documents/GitHub/SourceTree/TKHS/FreeziaYukes/Freezia/Content/StarterContent/Textures/T_Wood_Floor_Walnut_M.uasset" 633
"../../../../../../Users/mo_gu/Documents/GitHub/SourceTree/TKHS/FreeziaYukes/Freezia/Content/StarterContent/Textures/T_Wood_Floor_Walnut_N.uasset" 634
"../../../../../../Users/mo_gu/Documents/GitHub/SourceTree/TKHS/FreeziaYukes/Freezia/Content/StarterContent/Materials/M_Wood_Floor_Walnut_Polished.uasset" 635
"../../../Engine/Content/Functions/Engine_MaterialFunctions01/Opacity/AlphaOffset.uasset" 636
"../../../../../../Users/mo_gu/Documents/GitHub/SourceTree/TKHS/FreeziaYukes/Freezia/Content/StarterContent/Materials/M_Wood_Floor_Walnut_Worn.uasset" 637
"../../../../../../Users/mo_gu/Documents/GitHub/SourceTree/TKHS/FreeziaYukes/Freezia/Content/StarterContent/Textures/T_Wood_Oak_D.uasset" 638
"../../../../../../Users/mo_gu/Documents/GitHub/SourceTree/TKHS/FreeziaYukes/Freezia/Content/StarterContent/Textures/T_Wood_Oak_N.uasset" 639
"../../../../../../Users/mo_gu/Documents/GitHub/SourceTree/TKHS/FreeziaYukes/Freezia/Content/StarterContent/Materials/M_Wood_Oak.uasset" 640
"../../../../../../Users/mo_gu/Documents/GitHub/SourceTree/TKHS/FreeziaYukes/Freezia/Content/StarterContent/Textures/T_Wood_Pine_D.uasset" 641
"../../../../../../Users/mo_gu/Documents/GitHub/SourceTree/TKHS/FreeziaYukes/Freezia/Content/StarterContent/Textures/T_Wood_Pine_N.uasset" 642
"../../../../../../Users/mo_gu/Documents/GitHub/SourceTree/TKHS/FreeziaYukes/Freezia/Content/StarterContent/Materials/M_Wood_Pine.uasset" 643
"../../../../../../Users/mo_gu/Documents/GitHub/SourceTree/TKHS/FreeziaYukes/Freezia/Content/StarterContent/Textures/T_Wood_Walnut_D.uasset" 644
"../../../../../../Users/mo_gu/Documents/GitHub/SourceTree/TKHS/FreeziaYukes/Freezia/Content/StarterContent/Textures/T_Wood_Walnut_N.uasset" 645
"../../../../../../Users/mo_gu/Documents/GitHub/SourceTree/TKHS/FreeziaYukes/Freezia/Content/StarterContent/Materials/M_Wood_Walnut.uasset" 646
"../../../../../../Users/mo_gu/Documents/GitHub/SourceTree/TKHS/FreeziaYukes/Freezia/Content/StarterContent/Architecture/Wall_400x200.uasset" 647
"../../../../../../Users/mo_gu/Documents/GitHub/SourceTree/TKHS/FreeziaYukes/Freezia/Content/StarterContent/Architecture/Wall_Door_400x300.uasset" 648
"../../../../../../Users/mo_gu/Documents/GitHub/SourceTree/TKHS/FreeziaYukes/Freezia/Content/StarterContent/Architecture/Wall_Window_400x300.uasset" 649
"../../../../../../Users/mo_gu/Documents/GitHub/SourceTree/TKHS/FreeziaYukes/Freezia/Content/StarterContent/Audio/Collapse_Cue.uasset" 650
"../../../../../../Users/mo_gu/Documents/GitHub/SourceTree/TKHS/FreeziaYukes/Freezia/Content/StarterContent/Audio/Starter_Music_Cue.uasset" 651
"../../../../../../Users/mo_gu/Documents/GitHub/SourceTree/TKHS/FreeziaYukes/Freezia/Content/StarterContent/Textures/T_Dust_Particle_D.uasset" 652
"../../../../../../Users/mo_gu/Documents/GitHub/SourceTree/TKHS/FreeziaYukes/Freezia/Content/StarterContent/Particles/Materials/M_Dust_Particle.uasset" 653
"../../../../../../Users/mo_gu/Documents/GitHub/SourceTree/TKHS/FreeziaYukes/Freezia/Content/StarterContent/Particles/P_Ambient_Dust.uasset" 654
"../../../../../../Users/mo_gu/Documents/GitHub/SourceTree/TKHS/FreeziaYukes/Freezia/Content/StarterContent/Props/MaterialSphere.uasset" 655
"../../../../../../Users/mo_gu/Documents/GitHub/SourceTree/TKHS/FreeziaYukes/Freezia/Content/StarterContent/Textures/T_Frame_M.uasset" 656
"../../../../../../Users/mo_gu/Documents/GitHub/SourceTree/TKHS/FreeziaYukes/Freezia/Content/StarterContent/Textures/T_Frame_N.uasset" 657
"../../../../../../Users/mo_gu/Documents/GitHub/SourceTree/TKHS/FreeziaYukes/Freezia/Content/StarterContent/Props/Materials/M_Frame.uasset" 658
"../../../../../../Users/mo_gu/Documents/GitHub/SourceTree/TKHS/FreeziaYukes/Freezia/Content/StarterContent/Props/SM_CornerFrame.uasset" 659
"../../../../../../Users/mo_gu/Documents/GitHub/SourceTree/TKHS/FreeziaYukes/Freezia/Content/StarterContent/Props/SM_DoorFrame.uasset" 660
"../../../../../../Users/mo_gu/Documents/GitHub/SourceTree/TKHS/FreeziaYukes/Freezia/Content/StarterContent/Props/SM_GlassWindow.uasset" 661
"../../../../../../Users/mo_gu/Documents/GitHub/SourceTree/TKHS/FreeziaYukes/Freezia/Content/StarterContent/Props/SM_PillarFrame.uasset" 662
"../../../../../../Users/mo_gu/Documents/GitHub/SourceTree/TKHS/FreeziaYukes/Freezia/Content/StarterContent/Props/SM_PillarFrame300.uasset" 663
"../../../../../../Users/mo_gu/Documents/GitHub/SourceTree/TKHS/FreeziaYukes/Freezia/Content/StarterContent/Props/SM_WindowFrame.uasset" 664
"../../../../../../Users/mo_gu/Documents/GitHub/SourceTree/TKHS/FreeziaYukes/Freezia/Content/StarterContent/Shapes/Shape_Cube.uasset" 665
"../../../../../../Users/mo_gu/Documents/GitHub/SourceTree/TKHS/FreeziaYukes/Freezia/Content/StarterContent/Shapes/Shape_QuadPyramid.uasset" 666
"../../../../../../Users/mo_gu/Documents/GitHub/SourceTree/TKHS/FreeziaYukes/Freezia/Content/StarterContent/Shapes/Shape_Sphere.uasset" 667
"../../../../../../Users/mo_gu/Documents/GitHub/SourceTree/TKHS/FreeziaYukes/Freezia/Content/StarterContent/Maps/StarterMap.umap" 668
"../../../Engine/Content/Maps/Entry_BuiltData.uasset" 669
"../../../Engine/Content/Maps/Entry.umap" 670
